Invalid 44 45
15 16 45
X.X.X.X.X.X.X.X
X.X.X.X.X.X.X.X
...............
X.X.X.X.X.X.X.X
X.X.X.X.X.X.X.X
...............
X.X.X.X.X.X.X.X
X.X.X.X.X.X.X.X
...............
X.X.X.X.X.X.X.X
X.X.X.X.X.X.X.X
...............
X.X.X.X.X.X.X.X
X.X.X.X.X.X.X.X
...............
XX.XX.XX.XX....

Invalid 18 19
16 6 19
XX.X.X.X.X.X.X.X
...X.X.X.X.X.X.X
XX..............
..............XX
X.X.X.X.X.X.X...
X.X.X.X.X.X.X.XX

33 5 34
X.X.X.X.X.X.X.X.X.X.X.X.X.X.X.X.X
X.X.X.X.X.X.X.X.X.X.X.X.X.X.X.X.X
.................................
X.X.X.X.X.X.X.X.X.X.X.X.X.X.X.X.X
X.X.X.X.X.X.X.X.X.X.X.X.X.X.X.X.X

34 34 204
XX.X.X.X.X.X.X.X.X.X.X.X.X.X.X.X.X
...X.X.X.X.X.X.X.X.X.X.X.X.X.X.X.X
XX................................
...XX.X.X.X.X.X.X.X.X.X.X.X.X.X.XX
XX....X.X.X.X.X.X.X.X.X.X.X.X.X...
...XX...........................XX
XX....XX.X.X.X.X.X.X.X.X.X.X.XX...
...XX....X.X.X.X.X.X.X.X.X.X....XX
XX....XX.....................XX...
...XX....XX.X.X.X.X.X.X.X.XX....XX
XX....XX....X.X.X.X.X.X.X....XX...
...XX....XX...............XX....XX
XX....XX....XX.X.X.X.X.XX....XX...
...XX....XX....X.X.X.X....XX....XX
XX....XX....XX.........XX....XX...
...XX....XX....X.XX.XX....XX....XX
XX....XX....XX.X.......XX....XX...
...XX....XX.......X.XX....XX....XX
XX....XX....XX.XX.X....XX....XX...
...XX....XX.........XX....XX....XX
XX....XX....X.X.X.X....XX....XX...
...XX....XX.X.X.X.X.XX....XX....XX
XX....XX...............XX....XX...
...XX....X.X.X.X.X.X.X....XX....XX
XX....XX.X.X.X.X.X.X.X.XX....XX...
...XX.....................XX....XX
XX....X.X.X.X.X.X.X.X.X.X....XX...
...XX.X.X.X.X.X.X.X.X.X.X.XX....XX
XX...........................XX...
...X.X.X.X.X.X.X.X.X.X.X.X.X....XX
XX.X.X.X.X.X.X.X.X.X.X.X.X.X.XX...
................................XX
X.X.X.X.X.X.X.X.X.X.X.X.X.X.X.X...
X.X.X.X.X.X.X.X.X.X.X.X.X.X.X.X.XX

34 10 64
XX.X.X.X.X.X.X.X.X.X.X.X.X.X.X.X.X
...X.X.X.X.X.X.X.X.X.X.X.X.X.X.X.X
XX................................
...X.X.X.X.X.X.X.X.X.X.X.X.X.XX.XX
XX.X.X.X.X.X.X.X.X.X.X.X.X.X......
..............................X.XX
XX.XX.XX.XX.XX.XX.XX.XX.XX.XX.X...
................................XX
X.X.X.X.X.X.X.X.X.X.X.X.X.X.X.X...
X.X.X.X.X.X.X.X.X.X.X.X.X.X.X.X.XX

33 14 85
X.X.X.X.X.X.X.X.X.X.X.X.X.X.X.X.X
X.X.X.X.X.X.X.X.X.X.X.X.X.X.X.X.X
.................................
X.X.X.X.X.X.X.X.X.X.X.X.X.X.X.X.X
X.X.X.X.X.X.X.X.X.X.X.X.X.X.X.X.X
.................................
X.X.X.X.X.X.X.X.X.X.X.X.X.X.X.X.X
X.X.X.X.X.X.X.X.X.X.X.X.X.X.X.X.X
.................................
X.X.X.X.X.X.X.X.X.X.X.X.X.X.X.X.X
X.X.X.X.X.X.X.X.X.X.X.X.X.X.X.X.X
.................................
X.X.X.X.X.X.X.X.X.X.X.X.X.X.X.X.X
X.X.X.X.X.X.X.X.X.X.X.X.X.X.X.X.X

25 28 125
X.X.X.X.X.X.X.X.X.X.X.X.X
X.X.X.X.X.X.X.X.X.X.X.X.X
.........................
X.X.X.X.X.X.X.X.X.X.X.X.X
X.X.X.X.X.X.X.X.X.X.X.X.X
.........................
X.X.X.X.X.X.X.X.X.X.X.X.X
X.X.X.X.X.X.X.X.X.X.X.X.X
.........................
X.X.X.X.X.X.X.X.X.X.X.X.X
X.X.X.X.X.X.X.X.X.X.X.X.X
.........................
X.X.X.X.X.X.X.X.X.X.X.X.X
X.X.X.X.X.X.X.X.X.X.X.X.X
.........................
X.X.X.X.X.X.X.X.X.X.X.X.X
X.X.X.X.X.X.X.X.X.X.X.X.X
.........................
X.X.X.X.X.X.X.X.X.X.X.X.X
X.X.X.X.X.X.X.X.X.X.X.X.X
.........................
X.X.X.X.X.X.X.X.X.X.X.X.X
X.X.X.X.X.X.X.X.X.X.X.X.X
.........................
X.X.X.X.X.X.X.X.X.X.X.X.X
X.X.X.X.X.X.X.X.X.X.X.X.X
.........................
XX.XX.XX.XX.XX.XX.XX.XX..

11 32 66
X.X.X.X.X.X
X.X.X.X.X.X
...........
X.X.X.X.X.X
X.X.X.X.X.X
...........
X.X.X.X.X.X
X.X.X.X.X.X
...........
X.X.X.X.X.X
X.X.X.X.X.X
...........
X.X.X.X.X.X
X.X.X.X.X.X
...........
X.X.X.X.X.X
X.X.X.X.X.X
...........
X.X.X.X.X.X
X.X.X.X.X.X
...........
X.X.X.X.X.X
X.X.X.X.X.X
...........
X.X.X.X.X.X
X.X.X.X.X.X
...........
X.X.X.X.X.X
X.X.X.X.X.X
...........
X.X.X.X.X.X
X.X.X.X.X.X

30 15 82
XX.XX.XX.XX.XX.XX.XX.XX.XX.X.X
...........................X.X
XX.XX.XX.XX.XX.XX.XX.XX.XX....
...........................X.X
XX.XX.XX.XX.XX.XX.XX.XX.XX.X.X
..............................
XX.XX.XX.XX.XX.XX.XX.XX.XX.X.X
...........................X.X
XX.XX.XX.XX.XX.XX.XX.XX.XX....
...........................X.X
XX.XX.XX.XX.XX.XX.XX.XX.XX.X.X
..............................
XX.XX.XX.XX.XX.XX.XX.XX.XX.XX.
..............................
XX.XX.XX.XX.XX.XX.XX.XX.XX.XX.

6 10 12
XX.X.X
...X.X
XX....
....XX
XX....
....XX
XX....
....XX
X.X...
X.X.XX

31 10 58
X.X.X.X.X.X.X.X.X.X.X.X.X.X.X.X
X.X.X.X.X.X.X.X.X.X.X.X.X.X.X.X
...............................
X.X.X.X.X.X.X.X.X.X.X.X.X.X.X.X
X.X.X.X.X.X.X.X.X.X.X.X.X.X.X.X
...............................
X.X.X.X.X.X.X.X.X.X.X.X.X.X.X.X
X.X.X.X.X.X.X.X.X.X.X.X.X.X.X.X
...............................
XX.XX.XX.XX.XX.XX.XX.XX.XX.XX..

18 13 44
XX.XX.XX.XX.XX.X.X
...............X.X
XX.XX.XX.XX.XX....
...............X.X
XX.XX.XX.XX.XX.X.X
..................
XX.XX.XX.XX.XX.X.X
...............X.X
XX.XX.XX.XX.XX....
...............X.X
XX.XX.XX.XX.XX.X.X
..................
XX.XX.XX.XX.XX.XX.

36 7 49
XX.XX.XX.XX.XX.XX.XX.XX.XX.XX.XX.X.X
.................................X.X
XX.XX.XX.XX.XX.XX.XX.XX.XX.XX.XX....
.................................X.X
XX.XX.XX.XX.XX.XX.XX.XX.XX.XX.XX.X.X
....................................
XX.XX.XX.XX.XX.XX.XX.XX.XX.XX.XX.XX.

Invalid 55 56
25 12 56
X.X.X.X.X.X.X.X.X.X.X.X.X
X.X.X.X.X.X.X.X.X.X.X.X.X
.........................
X.X.X.X.X.X.X.X.X.X.X.X.X
X.X.X.X.X.X.X.X.X.X.X.X.X
.........................
X.X.X.X.X.X.X.X.X.X.X.X.X
X.X.X.X.X.X.X.X.X.X.X.X.X
.........................
XX.XX.XX.XX.XX.XX.XX.XX..
.........................
XX.XX.XX.XX.XX.XX.XX.XX..

6 17 21
XX.X.X
...X.X
XX....
...X.X
XX.X.X
......
XX.X.X
...X.X
XX....
...X.X
XX.X.X
......
XX.X.X
...X.X
XX....
...X.X
XX.X.X

7 28 38
X.X.X.X
X.X.X.X
.......
X.X.X.X
X.X.X.X
.......
X.X.X.X
X.X.X.X
.......
X.X.X.X
X.X.X.X
.......
X.X.X.X
X.X.X.X
.......
X.X.X.X
X.X.X.X
.......
X.X.X.X
X.X.X.X
.......
X.X.X.X
X.X.X.X
.......
X.X.X.X
X.X.X.X
.......
XX.XX..

Invalid 64 72
14 28 72
XX.X.X.X.X.X.X
...X.X.X.X.X.X
XX............
...XX.X.X.X.XX
XX....X.X.X...
...XX.......XX
XX.......XX...
...XX.......XX
XX.......XX...
...XX.......XX
XX.......XX...
...XX.......XX
XX.......XX...
...XX.......XX
XX.......XX...
...XX.......XX
XX.......XX...
...XX.......XX
XX.......XX...
...XX.......XX
XX.......XX...
...XX.......XX
XX.......XX...
...X.X.X....XX
XX.X.X.X.XX...
............XX
X.X.X.X.X.X...
X.X.X.X.X.X.XX

22 15 61
XX.XX.XX.XX.XX.XX.XX.X
.....................X
XX.XX.XX.XX.XX.XX.XX..
.....................X
XX.XX.XX.XX.XX.XX.XX.X
......................
XX.XX.XX.XX.XX.XX.XX.X
.....................X
XX.XX.XX.XX.XX.XX.XX..
.....................X
XX.XX.XX.XX.XX.XX.XX.X
......................
XX.XX.XX.XX.XX.XX.XX.X
......................
XX.XX.XX.XX.XX.XX.XX.X

Invalid 128 129
24 30 129
XX.X.X.X.X.X.X.X.X.X.X.X
...X.X.X.X.X.X.X.X.X.X.X
XX......................
...XX.X.X.X.X.X.X.X.X.XX
XX....X.X.X.X.X.X.X.X...
...XX.................XX
XX....XX.X.X.X.X.X.XX...
...XX....X.X.X.X.X....XX
XX....XX...........XX...
...XX....XX.X.X.XX....XX
XX....XX....X.X....XX...
...XX....XX.....XX....XX
XX....XX.....XX....XX...
...XX....XX.....XX....XX
XX....XX.....XX....XX...
...XX....XX.....XX....XX
XX....XX.....XX....XX...
...XX....XX.....XX....XX
XX....XX.....XX....XX...
...XX....X.X....XX....XX
XX....XX.X.X.XX....XX...
...XX...........XX....XX
XX....X.X.X.X.X....XX...
...XX.X.X.X.X.X.XX....XX
XX.................XX...
...X.X.X.X.X.X.X.X....XX
XX.X.X.X.X.X.X.X.X.XX...
......................XX
X.X.X.X.X.X.X.X.X.X.X...
X.X.X.X.X.X.X.X.X.X.X.XX

31 17 96
X.X.X.X.X.X.X.X.X.X.X.X.X.X.X.X
X.X.X.X.X.X.X.X.X.X.X.X.X.X.X.X
...............................
X.X.X.X.X.X.X.X.X.X.X.X.X.X.X.X
X.X.X.X.X.X.X.X.X.X.X.X.X.X.X.X
...............................
X.X.X.X.X.X.X.X.X.X.X.X.X.X.X.X
X.X.X.X.X.X.X.X.X.X.X.X.X.X.X.X
...............................
X.X.X.X.X.X.X.X.X.X.X.X.X.X.X.X
X.X.X.X.X.X.X.X.X.X.X.X.X.X.X.X
...............................
X.X.X.X.X.X.X.X.X.X.X.X.X.X.X.X
X.X.X.X.X.X.X.X.X.X.X.X.X.X.X.X
...............................
X.X.X.X.X.X.X.X.X.X.X.X.X.X.X.X
X.X.X.X.X.X.X.X.X.X.X.X.X.X.X.X

4 5 5
XX.X
...X
XX..
...X
XX.X

35 17 108
X.X.X.X.X.X.X.X.X.X.X.X.X.X.X.X.X.X
X.X.X.X.X.X.X.X.X.X.X.X.X.X.X.X.X.X
...................................
X.X.X.X.X.X.X.X.X.X.X.X.X.X.X.X.X.X
X.X.X.X.X.X.X.X.X.X.X.X.X.X.X.X.X.X
...................................
X.X.X.X.X.X.X.X.X.X.X.X.X.X.X.X.X.X
X.X.X.X.X.X.X.X.X.X.X.X.X.X.X.X.X.X
...................................
X.X.X.X.X.X.X.X.X.X.X.X.X.X.X.X.X.X
X.X.X.X.X.X.X.X.X.X.X.X.X.X.X.X.X.X
...................................
X.X.X.X.X.X.X.X.X.X.X.X.X.X.X.X.X.X
X.X.X.X.X.X.X.X.X.X.X.X.X.X.X.X.X.X
...................................
X.X.X.X.X.X.X.X.X.X.X.X.X.X.X.X.X.X
X.X.X.X.X.X.X.X.X.X.X.X.X.X.X.X.X.X

Invalid 133 134
25 30 134
X.X.X.X.X.X.X.X.X.X.X.X.X
X.X.X.X.X.X.X.X.X.X.X.X.X
.........................
X.X.X.X.X.X.X.X.X.X.X.X.X
X.X.X.X.X.X.X.X.X.X.X.X.X
.........................
X.X.X.X.X.X.X.X.X.X.X.X.X
X.X.X.X.X.X.X.X.X.X.X.X.X
.........................
X.X.X.X.X.X.X.X.X.X.X.X.X
X.X.X.X.X.X.X.X.X.X.X.X.X
.........................
X.X.X.X.X.X.X.X.X.X.X.X.X
X.X.X.X.X.X.X.X.X.X.X.X.X
.........................
X.X.X.X.X.X.X.X.X.X.X.X.X
X.X.X.X.X.X.X.X.X.X.X.X.X
.........................
X.X.X.X.X.X.X.X.X.X.X.X.X
X.X.X.X.X.X.X.X.X.X.X.X.X
.........................
X.X.X.X.X.X.X.X.X.X.X.X.X
X.X.X.X.X.X.X.X.X.X.X.X.X
.........................
X.X.X.X.X.X.X.X.X.X.X.X.X
X.X.X.X.X.X.X.X.X.X.X.X.X
.........................
XX.XX.XX.XX.XX.XX.XX.XX..
.........................
XX.XX.XX.XX.XX.XX.XX.XX..

29 24 125
X.X.X.X.X.X.X.X.X.X.X.X.X.X.X
X.X.X.X.X.X.X.X.X.X.X.X.X.X.X
.............................
X.X.X.X.X.X.X.X.X.X.X.X.X.X.X
X.X.X.X.X.X.X.X.X.X.X.X.X.X.X
.............................
X.X.X.X.X.X.X.X.X.X.X.X.X.X.X
X.X.X.X.X.X.X.X.X.X.X.X.X.X.X
.............................
X.X.X.X.X.X.X.X.X.X.X.X.X.X.X
X.X.X.X.X.X.X.X.X.X.X.X.X.X.X
.............................
X.X.X.X.X.X.X.X.X.X.X.X.X.X.X
X.X.X.X.X.X.X.X.X.X.X.X.X.X.X
.............................
X.X.X.X.X.X.X.X.X.X.X.X.X.X.X
X.X.X.X.X.X.X.X.X.X.X.X.X.X.X
.............................
X.X.X.X.X.X.X.X.X.X.X.X.X.X.X
X.X.X.X.X.X.X.X.X.X.X.X.X.X.X
.............................
XX.XX.XX.XX.XX.XX.XX.XX.XX.XX
.............................
XX.XX.XX.XX.XX.XX.XX.XX.XX.XX

16 23 68
XX.XX.XX.XX.XX.X
...............X
XX.XX.XX.XX.XX..
...............X
XX.XX.XX.XX.XX.X
................
XX.XX.XX.XX.XX.X
...............X
XX.XX.XX.XX.XX..
...............X
XX.XX.XX.XX.XX.X
................
XX.XX.XX.XX.XX.X
...............X
XX.XX.XX.XX.XX..
...............X
XX.XX.XX.XX.XX.X
................
XX.XX.XX.XX.XX.X
...............X
XX.XX.XX.XX.XX..
...............X
XX.XX.XX.XX.XX.X

26 9 45
XX.XX.XX.XX.XX.XX.XX.XX.XX
..........................
XX.XX.XX.XX.XX.XX.XX.XX.XX
..........................
XX.XX.XX.XX.XX.XX.XX.XX.XX
..........................
XX.XX.XX.XX.XX.XX.XX.XX.XX
..........................
XX.XX.XX.XX.XX.XX.XX.XX.XX

12 13 30
XX.XX.XX.X.X
.........X.X
XX.XX.XX....
.........X.X
XX.XX.XX.X.X
............
XX.XX.XX.X.X
.........X.X
XX.XX.XX....
.........X.X
XX.XX.XX.X.X
............
XX.XX.XX.XX.

Invalid 100 101
15 37 101
X.X.X.X.X.X.X.X
X.X.X.X.X.X.X.X
...............
X.X.X.X.X.X.X.X
X.X.X.X.X.X.X.X
...............
X.X.X.X.X.X.X.X
X.X.X.X.X.X.X.X
...............
X.X.X.X.X.X.X.X
X.X.X.X.X.X.X.X
...............
X.X.X.X.X.X.X.X
X.X.X.X.X.X.X.X
...............
X.X.X.X.X.X.X.X
X.X.X.X.X.X.X.X
...............
X.X.X.X.X.X.X.X
X.X.X.X.X.X.X.X
...............
X.X.X.X.X.X.X.X
X.X.X.X.X.X.X.X
...............
X.X.X.X.X.X.X.X
X.X.X.X.X.X.X.X
...............
X.X.X.X.X.X.X.X
X.X.X.X.X.X.X.X
...............
X.X.X.X.X.X.X.X
X.X.X.X.X.X.X.X
...............
X.X.X.X.X.X.X.X
X.X.X.X.X.X.X.X
...............
XX.XX.XX.XX....

13 29 70
X.X.X.X.X.X.X
X.X.X.X.X.X.X
.............
X.X.X.X.X.X.X
X.X.X.X.X.X.X
.............
X.X.X.X.X.X.X
X.X.X.X.X.X.X
.............
X.X.X.X.X.X.X
X.X.X.X.X.X.X
.............
X.X.X.X.X.X.X
X.X.X.X.X.X.X
.............
X.X.X.X.X.X.X
X.X.X.X.X.X.X
.............
X.X.X.X.X.X.X
X.X.X.X.X.X.X
.............
X.X.X.X.X.X.X
X.X.X.X.X.X.X
.............
X.X.X.X.X.X.X
X.X.X.X.X.X.X
.............
X.X.X.X.X.X.X
X.X.X.X.X.X.X

Invalid 42 43
19 12 43
X.X.X.X.X.X.X.X.X.X
X.X.X.X.X.X.X.X.X.X
...................
X.X.X.X.X.X.X.X.X.X
X.X.X.X.X.X.X.X.X.X
...................
X.X.X.X.X.X.X.X.X.X
X.X.X.X.X.X.X.X.X.X
...................
XX.XX.XX.XX.XX.XX..
...................
XX.XX.XX.XX.XX.XX..

8 25 39
XX.XX.XX
........
XX.XX.XX
........
XX.XX.XX
........
XX.XX.XX
........
XX.XX.XX
........
XX.XX.XX
........
XX.XX.XX
........
XX.XX.XX
........
XX.XX.XX
........
XX.XX.XX
........
XX.XX.XX
........
XX.XX.XX
........
XX.XX.XX

36 15 98
XX.XX.XX.XX.XX.XX.XX.XX.XX.XX.XX.X.X
.................................X.X
XX.XX.XX.XX.XX.XX.XX.XX.XX.XX.XX....
.................................X.X
XX.XX.XX.XX.XX.XX.XX.XX.XX.XX.XX.X.X
....................................
XX.XX.XX.XX.XX.XX.XX.XX.XX.XX.XX.X.X
.................................X.X
XX.XX.XX.XX.XX.XX.XX.XX.XX.XX.XX....
.................................X.X
XX.XX.XX.XX.XX.XX.XX.XX.XX.XX.XX.X.X
....................................
XX.XX.XX.XX.XX.XX.XX.XX.XX.XX.XX.XX.
....................................
XX.XX.XX.XX.XX.XX.XX.XX.XX.XX.XX.XX.

18 29 95
XX.XX.XX.XX.XX.X.X
...............X.X
XX.XX.XX.XX.XX....
...............X.X
XX.XX.XX.XX.XX.X.X
..................
XX.XX.XX.XX.XX.X.X
...............X.X
XX.XX.XX.XX.XX....
...............X.X
XX.XX.XX.XX.XX.X.X
..................
XX.XX.XX.XX.XX.X.X
...............X.X
XX.XX.XX.XX.XX....
...............X.X
XX.XX.XX.XX.XX.X.X
..................
XX.XX.XX.XX.XX.X.X
...............X.X
XX.XX.XX.XX.XX....
...............X.X
XX.XX.XX.XX.XX.X.X
..................
XX.XX.XX.XX.XX.X.X
...............X.X
XX.XX.XX.XX.XX....
...............X.X
XX.XX.XX.XX.XX.X.X

Invalid 45 47
21 12 47
X.X.X.X.X.X.X.X.X.X.X
X.X.X.X.X.X.X.X.X.X.X
.....................
X.X.X.X.X.X.X.X.X.X.X
X.X.X.X.X.X.X.X.X.X.X
.....................
X.X.X.X.X.X.X.X.X.X.X
X.X.X.X.X.X.X.X.X.X.X
.....................
XX.XX.XX.XX.XX.XX....
.....................
XX.XX.XX.XX.XX.XX....

8 23 36
XX.XX.XX
........
XX.XX.XX
........
XX.XX.XX
........
XX.XX.XX
........
XX.XX.XX
........
XX.XX.XX
........
XX.XX.XX
........
XX.XX.XX
........
XX.XX.XX
........
XX.XX.XX
........
XX.XX.XX
........
XX.XX.XX

Invalid 36 37
13 15 37
X.X.X.X.X.X.X
X.X.X.X.X.X.X
.............
X.X.X.X.X.X.X
X.X.X.X.X.X.X
.............
X.X.X.X.X.X.X
X.X.X.X.X.X.X
.............
X.X.X.X.X.X.X
X.X.X.X.X.X.X
.............
XX.XX.XX.XX..
.............
XX.XX.XX.XX..

6 8 10
XX.X.X
...X.X
XX....
....XX
XX....
....XX
X.X...
X.X.XX

Invalid 68 77
14 30 77
XX.X.X.X.X.X.X
...X.X.X.X.X.X
XX............
...XX.X.X.X.XX
XX....X.X.X...
...XX.......XX
XX.......XX...
...XX.......XX
XX.......XX...
...XX.......XX
XX.......XX...
...XX.......XX
XX.......XX...
...XX.......XX
XX.......XX...
...XX.......XX
XX.......XX...
...XX.......XX
XX.......XX...
...XX.......XX
XX.......XX...
...XX.......XX
XX.......XX...
...XX.......XX
XX.......XX...
...X.X.X....XX
XX.X.X.X.XX...
............XX
X.X.X.X.X.X...
X.X.X.X.X.X.XX

5 26 27
X.X.X
X.X.X
.....
X.X.X
X.X.X
.....
X.X.X
X.X.X
.....
X.X.X
X.X.X
.....
X.X.X
X.X.X
.....
X.X.X
X.X.X
.....
X.X.X
X.X.X
.....
X.X.X
X.X.X
.....
X.X.X
X.X.X

Invalid 52 53
15 19 53
X.X.X.X.X.X.X.X
X.X.X.X.X.X.X.X
...............
X.X.X.X.X.X.X.X
X.X.X.X.X.X.X.X
...............
X.X.X.X.X.X.X.X
X.X.X.X.X.X.X.X
...............
X.X.X.X.X.X.X.X
X.X.X.X.X.X.X.X
...............
X.X.X.X.X.X.X.X
X.X.X.X.X.X.X.X
...............
X.X.X.X.X.X.X.X
X.X.X.X.X.X.X.X
...............
XX.XX.XX.XX....

14 25 65
XX.XX.XX.XX.XX
..............
XX.XX.XX.XX.XX
..............
XX.XX.XX.XX.XX
..............
XX.XX.XX.XX.XX
..............
XX.XX.XX.XX.XX
..............
XX.XX.XX.XX.XX
..............
XX.XX.XX.XX.XX
..............
XX.XX.XX.XX.XX
..............
XX.XX.XX.XX.XX
..............
XX.XX.XX.XX.XX
..............
XX.XX.XX.XX.XX
..............
XX.XX.XX.XX.XX
..............
XX.XX.XX.XX.XX

Invalid 23 25
21 6 25
X.X.X.X.X.X.X.X.X.X.X
X.X.X.X.X.X.X.X.X.X.X
.....................
XX.XX.XX.XX.XX.XX....
.....................
XX.XX.XX.XX.XX.XX....

Invalid 100 101
37 15 101
X.X.X.X.X.X.X.X.X.X.X.X.X.X.X.X.X.X.X
X.X.X.X.X.X.X.X.X.X.X.X.X.X.X.X.X.X.X
.....................................
X.X.X.X.X.X.X.X.X.X.X.X.X.X.X.X.X.X.X
X.X.X.X.X.X.X.X.X.X.X.X.X.X.X.X.X.X.X
.....................................
X.X.X.X.X.X.X.X.X.X.X.X.X.X.X.X.X.X.X
X.X.X.X.X.X.X.X.X.X.X.X.X.X.X.X.X.X.X
.....................................
X.X.X.X.X.X.X.X.X.X.X.X.X.X.X.X.X.X.X
X.X.X.X.X.X.X.X.X.X.X.X.X.X.X.X.X.X.X
.....................................
XX.XX.XX.XX.XX.XX.XX.XX.XX.XX.XX.XX..
.....................................
XX.XX.XX.XX.XX.XX.XX.XX.XX.XX.XX.XX..

15 35 96
X.X.X.X.X.X.X.X
X.X.X.X.X.X.X.X
...............
X.X.X.X.X.X.X.X
X.X.X.X.X.X.X.X
...............
X.X.X.X.X.X.X.X
X.X.X.X.X.X.X.X
...............
X.X.X.X.X.X.X.X
X.X.X.X.X.X.X.X
...............
X.X.X.X.X.X.X.X
X.X.X.X.X.X.X.X
...............
X.X.X.X.X.X.X.X
X.X.X.X.X.X.X.X
...............
X.X.X.X.X.X.X.X
X.X.X.X.X.X.X.X
...............
X.X.X.X.X.X.X.X
X.X.X.X.X.X.X.X
...............
X.X.X.X.X.X.X.X
X.X.X.X.X.X.X.X
...............
X.X.X.X.X.X.X.X
X.X.X.X.X.X.X.X
...............
X.X.X.X.X.X.X.X
X.X.X.X.X.X.X.X
...............
X.X.X.X.X.X.X.X
X.X.X.X.X.X.X.X

31 28 154
X.X.X.X.X.X.X.X.X.X.X.X.X.X.X.X
X.X.X.X.X.X.X.X.X.X.X.X.X.X.X.X
...............................
X.X.X.X.X.X.X.X.X.X.X.X.X.X.X.X
X.X.X.X.X.X.X.X.X.X.X.X.X.X.X.X
...............................
X.X.X.X.X.X.X.X.X.X.X.X.X.X.X.X
X.X.X.X.X.X.X.X.X.X.X.X.X.X.X.X
...............................
X.X.X.X.X.X.X.X.X.X.X.X.X.X.X.X
X.X.X.X.X.X.X.X.X.X.X.X.X.X.X.X
...............................
X.X.X.X.X.X.X.X.X.X.X.X.X.X.X.X
X.X.X.X.X.X.X.X.X.X.X.X.X.X.X.X
...............................
X.X.X.X.X.X.X.X.X.X.X.X.X.X.X.X
X.X.X.X.X.X.X.X.X.X.X.X.X.X.X.X
...............................
X.X.X.X.X.X.X.X.X.X.X.X.X.X.X.X
X.X.X.X.X.X.X.X.X.X.X.X.X.X.X.X
...............................
X.X.X.X.X.X.X.X.X.X.X.X.X.X.X.X
X.X.X.X.X.X.X.X.X.X.X.X.X.X.X.X
...............................
X.X.X.X.X.X.X.X.X.X.X.X.X.X.X.X
X.X.X.X.X.X.X.X.X.X.X.X.X.X.X.X
...............................
XX.XX.XX.XX.XX.XX.XX.XX.XX.XX..

5 9 10
X.X.X
X.X.X
.....
X.X.X
X.X.X
.....
XX.XX
.....
XX.XX

Invalid 157 158
37 24 158
X.X.X.X.X.X.X.X.X.X.X.X.X.X.X.X.X.X.X
X.X.X.X.X.X.X.X.X.X.X.X.X.X.X.X.X.X.X
.....................................
X.X.X.X.X.X.X.X.X.X.X.X.X.X.X.X.X.X.X
X.X.X.X.X.X.X.X.X.X.X.X.X.X.X.X.X.X.X
.....................................
X.X.X.X.X.X.X.X.X.X.X.X.X.X.X.X.X.X.X
X.X.X.X.X.X.X.X.X.X.X.X.X.X.X.X.X.X.X
.....................................
X.X.X.X.X.X.X.X.X.X.X.X.X.X.X.X.X.X.X
X.X.X.X.X.X.X.X.X.X.X.X.X.X.X.X.X.X.X
.....................................
X.X.X.X.X.X.X.X.X.X.X.X.X.X.X.X.X.X.X
X.X.X.X.X.X.X.X.X.X.X.X.X.X.X.X.X.X.X
.....................................
X.X.X.X.X.X.X.X.X.X.X.X.X.X.X.X.X.X.X
X.X.X.X.X.X.X.X.X.X.X.X.X.X.X.X.X.X.X
.....................................
X.X.X.X.X.X.X.X.X.X.X.X.X.X.X.X.X.X.X
X.X.X.X.X.X.X.X.X.X.X.X.X.X.X.X.X.X.X
.....................................
XX.XX.XX.XX.XX.XX.XX.XX.XX.XX.XX.XX..
.....................................
XX.XX.XX.XX.XX.XX.XX.XX.XX.XX.XX.XX..

34 13 81
XX.XX.XX.XX.XX.XX.XX.XX.XX.XX.XX.X
.................................X
XX.XX.XX.XX.XX.XX.XX.XX.XX.XX.XX..
.................................X
XX.XX.XX.XX.XX.XX.XX.XX.XX.XX.XX.X
..................................
XX.XX.XX.XX.XX.XX.XX.XX.XX.XX.XX.X
.................................X
XX.XX.XX.XX.XX.XX.XX.XX.XX.XX.XX..
.................................X
XX.XX.XX.XX.XX.XX.XX.XX.XX.XX.XX.X
..................................
XX.XX.XX.XX.XX.XX.XX.XX.XX.XX.XX.X

20 16 59
XX.X.X.X.X.X.X.X.X.X
...X.X.X.X.X.X.X.X.X
XX..................
...XX.X.X.X.X.X.X.XX
XX....X.X.X.X.X.X...
...XX.............XX
XX....X.X.X.XX.XX...
...XX.X.X.X.......XX
XX...........X.XX...
...XX.XX.XX..X....XX
XX.............XX...
...X.X.X.X.X.X....XX
XX.X.X.X.X.X.X.XX...
..................XX
X.X.X.X.X.X.X.X.X...
X.X.X.X.X.X.X.X.X.XX

22 27 107
XX.XX.XX.XX.XX.XX.XX.X
.....................X
XX.XX.XX.XX.XX.XX.XX..
.....................X
XX.XX.XX.XX.XX.XX.XX.X
......................
XX.XX.XX.XX.XX.XX.XX.X
.....................X
XX.XX.XX.XX.XX.XX.XX..
.....................X
XX.XX.XX.XX.XX.XX.XX.X
......................
XX.XX.XX.XX.XX.XX.XX.X
.....................X
XX.XX.XX.XX.XX.XX.XX..
.....................X
XX.XX.XX.XX.XX.XX.XX.X
......................
XX.XX.XX.XX.XX.XX.XX.X
.....................X
XX.XX.XX.XX.XX.XX.XX..
.....................X
XX.XX.XX.XX.XX.XX.XX.X
......................
XX.XX.XX.XX.XX.XX.XX.X
......................
XX.XX.XX.XX.XX.XX.XX.X

15 26 72
X.X.X.X.X.X.X.X
X.X.X.X.X.X.X.X
...............
X.X.X.X.X.X.X.X
X.X.X.X.X.X.X.X
...............
X.X.X.X.X.X.X.X
X.X.X.X.X.X.X.X
...............
X.X.X.X.X.X.X.X
X.X.X.X.X.X.X.X
...............
X.X.X.X.X.X.X.X
X.X.X.X.X.X.X.X
...............
X.X.X.X.X.X.X.X
X.X.X.X.X.X.X.X
...............
X.X.X.X.X.X.X.X
X.X.X.X.X.X.X.X
...............
X.X.X.X.X.X.X.X
X.X.X.X.X.X.X.X
...............
X.X.X.X.X.X.X.X
X.X.X.X.X.X.X.X

28 7 38
XX.XX.XX.XX.XX.XX.XX.XX.XX.X
...........................X
XX.XX.XX.XX.XX.XX.XX.XX.XX..
...........................X
XX.XX.XX.XX.XX.XX.XX.XX.XX.X
............................
XX.XX.XX.XX.XX.XX.XX.XX.XX.X

31 16 90
X.X.X.X.X.X.X.X.X.X.X.X.X.X.X.X
X.X.X.X.X.X.X.X.X.X.X.X.X.X.X.X
...............................
X.X.X.X.X.X.X.X.X.X.X.X.X.X.X.X
X.X.X.X.X.X.X.X.X.X.X.X.X.X.X.X
...............................
X.X.X.X.X.X.X.X.X.X.X.X.X.X.X.X
X.X.X.X.X.X.X.X.X.X.X.X.X.X.X.X
...............................
X.X.X.X.X.X.X.X.X.X.X.X.X.X.X.X
X.X.X.X.X.X.X.X.X.X.X.X.X.X.X.X
...............................
X.X.X.X.X.X.X.X.X.X.X.X.X.X.X.X
X.X.X.X.X.X.X.X.X.X.X.X.X.X.X.X
...............................
XX.XX.XX.XX.XX.XX.XX.XX.XX.XX..

24 16 70
XX.X.X.X.X.X.X.X.X.X.X.X
...X.X.X.X.X.X.X.X.X.X.X
XX......................
...XX.X.X.X.X.X.X.X.X.XX
XX....X.X.X.X.X.X.X.X...
...XX.................XX
XX....X.X.X.X.X.XX.XX...
...XX.X.X.X.X.X.......XX
XX...............X.XX...
...XX.XX.XX.XX...X....XX
XX.................XX...
...X.X.X.X.X.X.X.X....XX
XX.X.X.X.X.X.X.X.X.XX...
......................XX
X.X.X.X.X.X.X.X.X.X.X...
X.X.X.X.X.X.X.X.X.X.X.XX

Invalid 122 124
33 21 124
X.X.X.X.X.X.X.X.X.X.X.X.X.X.X.X.X
X.X.X.X.X.X.X.X.X.X.X.X.X.X.X.X.X
.................................
X.X.X.X.X.X.X.X.X.X.X.X.X.X.X.X.X
X.X.X.X.X.X.X.X.X.X.X.X.X.X.X.X.X
.................................
X.X.X.X.X.X.X.X.X.X.X.X.X.X.X.X.X
X.X.X.X.X.X.X.X.X.X.X.X.X.X.X.X.X
.................................
X.X.X.X.X.X.X.X.X.X.X.X.X.X.X.X.X
X.X.X.X.X.X.X.X.X.X.X.X.X.X.X.X.X
.................................
X.X.X.X.X.X.X.X.X.X.X.X.X.X.X.X.X
X.X.X.X.X.X.X.X.X.X.X.X.X.X.X.X.X
.................................
X.X.X.X.X.X.X.X.X.X.X.X.X.X.X.X.X
X.X.X.X.X.X.X.X.X.X.X.X.X.X.X.X.X
.................................
XX.XX.XX.XX.XX.XX.XX.XX.XX.XX....
.................................
XX.XX.XX.XX.XX.XX.XX.XX.XX.XX....

14 12 32
XX.X.X.X.X.X.X
...X.X.X.X.X.X
XX............
...XX.X.X.X.XX
XX....X.X.X...
...XX.......XX
XX.......XX...
...X.X.X....XX
XX.X.X.X.XX...
............XX
X.X.X.X.X.X...
X.X.X.X.X.X.XX

28 19 96
XX.XX.XX.XX.XX.XX.XX.XX.XX.X
...........................X
XX.XX.XX.XX.XX.XX.XX.XX.XX..
...........................X
XX.XX.XX.XX.XX.XX.XX.XX.XX.X
............................
XX.XX.XX.XX.XX.XX.XX.XX.XX.X
...........................X
XX.XX.XX.XX.XX.XX.XX.XX.XX..
...........................X
XX.XX.XX.XX.XX.XX.XX.XX.XX.X
............................
XX.XX.XX.XX.XX.XX.XX.XX.XX.X
...........................X
XX.XX.XX.XX.XX.XX.XX.XX.XX..
...........................X
XX.XX.XX.XX.XX.XX.XX.XX.XX.X
............................
XX.XX.XX.XX.XX.XX.XX.XX.XX.X

Invalid 32 43
8 28 43
XX.X.X.X
...X.X.X
XX......
......XX
XX......
......XX
XX......
......XX
XX......
......XX
XX......
......XX
XX......
......XX
XX......
......XX
XX......
......XX
XX......
......XX
XX......
......XX
XX......
......XX
XX......
......XX
X.X.X...
X.X.X.XX

38 31 208
XX.XX.XX.XX.XX.XX.XX.XX.XX.XX.XX.XX.XX
......................................
XX.XX.XX.XX.XX.XX.XX.XX.XX.XX.XX.XX.XX
......................................
XX.XX.XX.XX.XX.XX.XX.XX.XX.XX.XX.XX.XX
......................................
XX.XX.XX.XX.XX.XX.XX.XX.XX.XX.XX.XX.XX
......................................
XX.XX.XX.XX.XX.XX.XX.XX.XX.XX.XX.XX.XX
......................................
XX.XX.XX.XX.XX.XX.XX.XX.XX.XX.XX.XX.XX
......................................
XX.XX.XX.XX.XX.XX.XX.XX.XX.XX.XX.XX.XX
......................................
XX.XX.XX.XX.XX.XX.XX.XX.XX.XX.XX.XX.XX
......................................
XX.XX.XX.XX.XX.XX.XX.XX.XX.XX.XX.XX.XX
......................................
XX.XX.XX.XX.XX.XX.XX.XX.XX.XX.XX.XX.XX
......................................
XX.XX.XX.XX.XX.XX.XX.XX.XX.XX.XX.XX.XX
......................................
XX.XX.XX.XX.XX.XX.XX.XX.XX.XX.XX.XX.XX
......................................
XX.XX.XX.XX.XX.XX.XX.XX.XX.XX.XX.XX.XX
......................................
XX.XX.XX.XX.XX.XX.XX.XX.XX.XX.XX.XX.XX
......................................
XX.XX.XX.XX.XX.XX.XX.XX.XX.XX.XX.XX.XX
......................................
XX.XX.XX.XX.XX.XX.XX.XX.XX.XX.XX.XX.XX

35 26 162
X.X.X.X.X.X.X.X.X.X.X.X.X.X.X.X.X.X
X.X.X.X.X.X.X.X.X.X.X.X.X.X.X.X.X.X
...................................
X.X.X.X.X.X.X.X.X.X.X.X.X.X.X.X.X.X
X.X.X.X.X.X.X.X.X.X.X.X.X.X.X.X.X.X
...................................
X.X.X.X.X.X.X.X.X.X.X.X.X.X.X.X.X.X
X.X.X.X.X.X.X.X.X.X.X.X.X.X.X.X.X.X
...................................
X.X.X.X.X.X.X.X.X.X.X.X.X.X.X.X.X.X
X.X.X.X.X.X.X.X.X.X.X.X.X.X.X.X.X.X
...................................
X.X.X.X.X.X.X.X.X.X.X.X.X.X.X.X.X.X
X.X.X.X.X.X.X.X.X.X.X.X.X.X.X.X.X.X
...................................
X.X.X.X.X.X.X.X.X.X.X.X.X.X.X.X.X.X
X.X.X.X.X.X.X.X.X.X.X.X.X.X.X.X.X.X
...................................
X.X.X.X.X.X.X.X.X.X.X.X.X.X.X.X.X.X
X.X.X.X.X.X.X.X.X.X.X.X.X.X.X.X.X.X
...................................
X.X.X.X.X.X.X.X.X.X.X.X.X.X.X.X.X.X
X.X.X.X.X.X.X.X.X.X.X.X.X.X.X.X.X.X
...................................
X.X.X.X.X.X.X.X.X.X.X.X.X.X.X.X.X.X
X.X.X.X.X.X.X.X.X.X.X.X.X.X.X.X.X.X

19 8 30
X.X.X.X.X.X.X.X.X.X
X.X.X.X.X.X.X.X.X.X
...................
X.X.X.X.X.X.X.X.X.X
X.X.X.X.X.X.X.X.X.X
...................
X.X.X.X.X.X.X.X.X.X
X.X.X.X.X.X.X.X.X.X

32 31 176
XX.XX.XX.XX.XX.XX.XX.XX.XX.XX.XX
................................
XX.XX.XX.XX.XX.XX.XX.XX.XX.XX.XX
................................
XX.XX.XX.XX.XX.XX.XX.XX.XX.XX.XX
................................
XX.XX.XX.XX.XX.XX.XX.XX.XX.XX.XX
................................
XX.XX.XX.XX.XX.XX.XX.XX.XX.XX.XX
................................
XX.XX.XX.XX.XX.XX.XX.XX.XX.XX.XX
................................
XX.XX.XX.XX.XX.XX.XX.XX.XX.XX.XX
................................
XX.XX.XX.XX.XX.XX.XX.XX.XX.XX.XX
................................
XX.XX.XX.XX.XX.XX.XX.XX.XX.XX.XX
................................
XX.XX.XX.XX.XX.XX.XX.XX.XX.XX.XX
................................
XX.XX.XX.XX.XX.XX.XX.XX.XX.XX.XX
................................
XX.XX.XX.XX.XX.XX.XX.XX.XX.XX.XX
................................
XX.XX.XX.XX.XX.XX.XX.XX.XX.XX.XX
................................
XX.XX.XX.XX.XX.XX.XX.XX.XX.XX.XX
................................
XX.XX.XX.XX.XX.XX.XX.XX.XX.XX.XX
................................
XX.XX.XX.XX.XX.XX.XX.XX.XX.XX.XX

Invalid 200 201
30 38 201
XX.X.X.X.X.X.X.X.X.X.X.X.X.X.X
...X.X.X.X.X.X.X.X.X.X.X.X.X.X
XX............................
...XX.X.X.X.X.X.X.X.X.X.X.X.XX
XX....X.X.X.X.X.X.X.X.X.X.X...
...XX.......................XX
XX....XX.X.X.X.X.X.X.X.X.XX...
...XX....X.X.X.X.X.X.X.X....XX
XX....XX.................XX...
...XX....XX.X.X.X.X.X.XX....XX
XX....XX....X.X.X.X.X....XX...
...XX....XX...........XX....XX
XX....XX....XX.X.X.XX....XX...
...XX....XX....X.X....XX....XX
XX....XX....XX.....XX....XX...
...XX....XX.....XX....XX....XX
XX....XX....XX.....XX....XX...
...XX....XX.....XX....XX....XX
XX....XX....XX.....XX....XX...
...XX....XX.....XX....XX....XX
XX....XX....XX.....XX....XX...
...XX....XX.....XX....XX....XX
XX....XX....XX.....XX....XX...
...XX....XX.....XX....XX....XX
XX....XX....X.X....XX....XX...
...XX....XX.X.X.XX....XX....XX
XX....XX...........XX....XX...
...XX....X.X.X.X.X....XX....XX
XX....XX.X.X.X.X.X.XX....XX...
...XX.................XX....XX
XX....X.X.X.X.X.X.X.X....XX...
...XX.X.X.X.X.X.X.X.X.XX....XX
XX.......................XX...
...X.X.X.X.X.X.X.X.X.X.X....XX
XX.X.X.X.X.X.X.X.X.X.X.X.XX...
............................XX
X.X.X.X.X.X.X.X.X.X.X.X.X.X...
X.X.X.X.X.X.X.X.X.X.X.X.X.X.XX

7 34 46
X.X.X.X
X.X.X.X
.......
X.X.X.X
X.X.X.X
.......
X.X.X.X
X.X.X.X
.......
X.X.X.X
X.X.X.X
.......
X.X.X.X
X.X.X.X
.......
X.X.X.X
X.X.X.X
.......
X.X.X.X
X.X.X.X
.......
X.X.X.X
X.X.X.X
.......
X.X.X.X
X.X.X.X
.......
X.X.X.X
X.X.X.X
.......
X.X.X.X
X.X.X.X
.......
XX.XX..

35 5 36
X.X.X.X.X.X.X.X.X.X.X.X.X.X.X.X.X.X
X.X.X.X.X.X.X.X.X.X.X.X.X.X.X.X.X.X
...................................
X.X.X.X.X.X.X.X.X.X.X.X.X.X.X.X.X.X
X.X.X.X.X.X.X.X.X.X.X.X.X.X.X.X.X.X

Invalid 49 51
9 30 51
X.X.X.X.X
X.X.X.X.X
.........
X.X.X.X.X
X.X.X.X.X
.........
X.X.X.X.X
X.X.X.X.X
.........
X.X.X.X.X
X.X.X.X.X
.........
X.X.X.X.X
X.X.X.X.X
.........
X.X.X.X.X
X.X.X.X.X
.........
X.X.X.X.X
X.X.X.X.X
.........
X.X.X.X.X
X.X.X.X.X
.........
X.X.X.X.X
X.X.X.X.X
.........
XX.XX....
.........
XX.XX....

Invalid 144 148
26 32 148
XX.X.X.X.X.X.X.X.X.X.X.X.X
...X.X.X.X.X.X.X.X.X.X.X.X
XX........................
...XX.X.X.X.X.X.X.X.X.X.XX
XX....X.X.X.X.X.X.X.X.X...
...XX...................XX
XX....XX.X.X.X.X.X.X.XX...
...XX....X.X.X.X.X.X....XX
XX....XX.............XX...
...XX....XX.X.X.X.XX....XX
XX....XX....X.X.X....XX...
...XX....XX.......XX....XX
XX....XX.......XX....XX...
...XX....XX.......XX....XX
XX....XX.......XX....XX...
...XX....XX.......XX....XX
XX....XX.......XX....XX...
...XX....XX.......XX....XX
XX....XX.......XX....XX...
...XX....XX.......XX....XX
XX....XX.......XX....XX...
...XX....X.X.X....XX....XX
XX....XX.X.X.X.XX....XX...
...XX.............XX....XX
XX....X.X.X.X.X.X....XX...
...XX.X.X.X.X.X.X.XX....XX
XX...................XX...
...X.X.X.X.X.X.X.X.X....XX
XX.X.X.X.X.X.X.X.X.X.XX...
........................XX
X.X.X.X.X.X.X.X.X.X.X.X...
X.X.X.X.X.X.X.X.X.X.X.X.XX

Invalid 32 43
8 28 43
XX.X.X.X
...X.X.X
XX......
......XX
XX......
......XX
XX......
......XX
XX......
......XX
XX......
......XX
XX......
......XX
XX......
......XX
XX......
......XX
XX......
......XX
XX......
......XX
XX......
......XX
XX......
......XX
X.X.X...
X.X.X.XX

23 26 108
X.X.X.X.X.X.X.X.X.X.X.X
X.X.X.X.X.X.X.X.X.X.X.X
.......................
X.X.X.X.X.X.X.X.X.X.X.X
X.X.X.X.X.X.X.X.X.X.X.X
.......................
X.X.X.X.X.X.X.X.X.X.X.X
X.X.X.X.X.X.X.X.X.X.X.X
.......................
X.X.X.X.X.X.X.X.X.X.X.X
X.X.X.X.X.X.X.X.X.X.X.X
.......................
X.X.X.X.X.X.X.X.X.X.X.X
X.X.X.X.X.X.X.X.X.X.X.X
.......................
X.X.X.X.X.X.X.X.X.X.X.X
X.X.X.X.X.X.X.X.X.X.X.X
.......................
X.X.X.X.X.X.X.X.X.X.X.X
X.X.X.X.X.X.X.X.X.X.X.X
.......................
X.X.X.X.X.X.X.X.X.X.X.X
X.X.X.X.X.X.X.X.X.X.X.X
.......................
X.X.X.X.X.X.X.X.X.X.X.X
X.X.X.X.X.X.X.X.X.X.X.X

12 13 30
XX.XX.XX.X.X
.........X.X
XX.XX.XX....
.........X.X
XX.XX.XX.X.X
............
XX.XX.XX.X.X
.........X.X
XX.XX.XX....
.........X.X
XX.XX.XX.X.X
............
XX.XX.XX.XX.

Invalid 84 85
26 18 85
XX.X.X.X.X.X.X.X.X.X.X.X.X
...X.X.X.X.X.X.X.X.X.X.X.X
XX........................
...XX.X.X.X.X.X.X.X.X.X.XX
XX....X.X.X.X.X.X.X.X.X...
...XX...................XX
XX....XX.X.X.X.X.X.X.XX...
...XX....X.X.X.X.X.X....XX
XX....XX.............XX...
...XX.............XX....XX
XX....X.X.X.X.X.X....XX...
...XX.X.X.X.X.X.X.XX....XX
XX...................XX...
...X.X.X.X.X.X.X.X.X....XX
XX.X.X.X.X.X.X.X.X.X.XX...
........................XX
X.X.X.X.X.X.X.X.X.X.X.X...
X.X.X.X.X.X.X.X.X.X.X.X.XX

9 23 40
X.X.X.X.X
X.X.X.X.X
.........
X.X.X.X.X
X.X.X.X.X
.........
X.X.X.X.X
X.X.X.X.X
.........
X.X.X.X.X
X.X.X.X.X
.........
X.X.X.X.X
X.X.X.X.X
.........
X.X.X.X.X
X.X.X.X.X
.........
X.X.X.X.X
X.X.X.X.X
.........
X.X.X.X.X
X.X.X.X.X

23 31 128
X.X.X.X.X.X.X.X.X.X.X.X
X.X.X.X.X.X.X.X.X.X.X.X
.......................
X.X.X.X.X.X.X.X.X.X.X.X
X.X.X.X.X.X.X.X.X.X.X.X
.......................
X.X.X.X.X.X.X.X.X.X.X.X
X.X.X.X.X.X.X.X.X.X.X.X
.......................
X.X.X.X.X.X.X.X.X.X.X.X
X.X.X.X.X.X.X.X.X.X.X.X
.......................
X.X.X.X.X.X.X.X.X.X.X.X
X.X.X.X.X.X.X.X.X.X.X.X
.......................
X.X.X.X.X.X.X.X.X.X.X.X
X.X.X.X.X.X.X.X.X.X.X.X
.......................
X.X.X.X.X.X.X.X.X.X.X.X
X.X.X.X.X.X.X.X.X.X.X.X
.......................
X.X.X.X.X.X.X.X.X.X.X.X
X.X.X.X.X.X.X.X.X.X.X.X
.......................
X.X.X.X.X.X.X.X.X.X.X.X
X.X.X.X.X.X.X.X.X.X.X.X
.......................
X.X.X.X.X.X.X.X.X.X.X.X
X.X.X.X.X.X.X.X.X.X.X.X
.......................
XX.XX.XX.XX.XX.XX.XX.XX

Invalid 50 51
27 10 51
X.X.X.X.X.X.X.X.X.X.X.X.X.X
X.X.X.X.X.X.X.X.X.X.X.X.X.X
...........................
X.X.X.X.X.X.X.X.X.X.X.X.X.X
X.X.X.X.X.X.X.X.X.X.X.X.X.X
...........................
X.X.X.X.X.X.X.X.X.X.X.X.X.X
X.X.X.X.X.X.X.X.X.X.X.X.X.X
...........................
XX.XX.XX.XX.XX.XX.XX.XX....

21 14 55
X.X.X.X.X.X.X.X.X.X.X
X.X.X.X.X.X.X.X.X.X.X
.....................
X.X.X.X.X.X.X.X.X.X.X
X.X.X.X.X.X.X.X.X.X.X
.....................
X.X.X.X.X.X.X.X.X.X.X
X.X.X.X.X.X.X.X.X.X.X
.....................
X.X.X.X.X.X.X.X.X.X.X
X.X.X.X.X.X.X.X.X.X.X
.....................
X.X.X.X.X.X.X.X.X.X.X
X.X.X.X.X.X.X.X.X.X.X

22 8 34
XX.X.X.X.X.X.X.X.X.X.X
...X.X.X.X.X.X.X.X.X.X
XX....................
...X.X.X.X.X.X.X..X.XX
XX.X.X.X.X.X.X.X..X...
....................XX
X.X.X.X.X.X.X.X.X.X...
X.X.X.X.X.X.X.X.X.X.XX

Invalid 9 11
9 6 11
X.X.X.X.X
X.X.X.X.X
.........
XX.XX....
.........
XX.XX....

36 21 135
XX.XX.XX.XX.XX.XX.XX.XX.XX.XX.XX.X.X
.................................X.X
XX.XX.XX.XX.XX.XX.XX.XX.XX.XX.XX....
.................................X.X
XX.XX.XX.XX.XX.XX.XX.XX.XX.XX.XX.X.X
....................................
XX.XX.XX.XX.XX.XX.XX.XX.XX.XX.XX.X.X
.................................X.X
XX.XX.XX.XX.XX.XX.XX.XX.XX.XX.XX....
.................................X.X
XX.XX.XX.XX.XX.XX.XX.XX.XX.XX.XX.X.X
....................................
XX.XX.XX.XX.XX.XX.XX.XX.XX.XX.XX.X.X
.................................X.X
XX.XX.XX.XX.XX.XX.XX.XX.XX.XX.XX....
.................................X.X
XX.XX.XX.XX.XX.XX.XX.XX.XX.XX.XX.X.X
....................................
XX.XX.XX.XX.XX.XX.XX.XX.XX.XX.XX.XX.
....................................
XX.XX.XX.XX.XX.XX.XX.XX.XX.XX.XX.XX.

7 7 10
X.X.X.X
X.X.X.X
.......
X.X.X.X
X.X.X.X
.......
XX.XX..

17 9 30
X.X.X.X.X.X.X.X.X
X.X.X.X.X.X.X.X.X
.................
X.X.X.X.X.X.X.X.X
X.X.X.X.X.X.X.X.X
.................
XX.XX.XX.XX.XX.XX
.................
XX.XX.XX.XX.XX.XX

29 24 125
X.X.X.X.X.X.X.X.X.X.X.X.X.X.X
X.X.X.X.X.X.X.X.X.X.X.X.X.X.X
.............................
X.X.X.X.X.X.X.X.X.X.X.X.X.X.X
X.X.X.X.X.X.X.X.X.X.X.X.X.X.X
.............................
X.X.X.X.X.X.X.X.X.X.X.X.X.X.X
X.X.X.X.X.X.X.X.X.X.X.X.X.X.X
.............................
X.X.X.X.X.X.X.X.X.X.X.X.X.X.X
X.X.X.X.X.X.X.X.X.X.X.X.X.X.X
.............................
X.X.X.X.X.X.X.X.X.X.X.X.X.X.X
X.X.X.X.X.X.X.X.X.X.X.X.X.X.X
.............................
X.X.X.X.X.X.X.X.X.X.X.X.X.X.X
X.X.X.X.X.X.X.X.X.X.X.X.X.X.X
.............................
X.X.X.X.X.X.X.X.X.X.X.X.X.X.X
X.X.X.X.X.X.X.X.X.X.X.X.X.X.X
.............................
XX.XX.XX.XX.XX.XX.XX.XX.XX.XX
.............................
XX.XX.XX.XX.XX.XX.XX.XX.XX.XX

Invalid 56 58
12 26 58
XX.X.X.X.X.X
...X.X.X.X.X
XX..........
...XX.X.X.XX
XX....X.X...
...XX.....XX
XX.....XX...
...XX.....XX
XX.....XX...
...XX.....XX
XX.....XX...
...XX.....XX
XX.....XX...
...XX.....XX
XX.....XX...
...XX.....XX
XX.....XX...
...XX.....XX
XX.....XX...
...XX.....XX
XX.....XX...
...X.X....XX
XX.X.X.XX...
..........XX
X.X.X.X.X...
X.X.X.X.X.XX

13 32 77
X.X.X.X.X.X.X
X.X.X.X.X.X.X
.............
X.X.X.X.X.X.X
X.X.X.X.X.X.X
.............
X.X.X.X.X.X.X
X.X.X.X.X.X.X
.............
X.X.X.X.X.X.X
X.X.X.X.X.X.X
.............
X.X.X.X.X.X.X
X.X.X.X.X.X.X
.............
X.X.X.X.X.X.X
X.X.X.X.X.X.X
.............
X.X.X.X.X.X.X
X.X.X.X.X.X.X
.............
X.X.X.X.X.X.X
X.X.X.X.X.X.X
.............
X.X.X.X.X.X.X
X.X.X.X.X.X.X
.............
X.X.X.X.X.X.X
X.X.X.X.X.X.X
.............
X.X.X.X.X.X.X
X.X.X.X.X.X.X

7 4 6
X.X.X.X
X.X.X.X
.......
XX.XX..

30 27 144
XX.XX.XX.XX.XX.XX.XX.XX.XX.X.X
...........................X.X
XX.XX.XX.XX.XX.XX.XX.XX.XX....
...........................X.X
XX.XX.XX.XX.XX.XX.XX.XX.XX.X.X
..............................
XX.XX.XX.XX.XX.XX.XX.XX.XX.X.X
...........................X.X
XX.XX.XX.XX.XX.XX.XX.XX.XX....
...........................X.X
XX.XX.XX.XX.XX.XX.XX.XX.XX.X.X
..............................
XX.XX.XX.XX.XX.XX.XX.XX.XX.X.X
...........................X.X
XX.XX.XX.XX.XX.XX.XX.XX.XX....
...........................X.X
XX.XX.XX.XX.XX.XX.XX.XX.XX.X.X
..............................
XX.XX.XX.XX.XX.XX.XX.XX.XX.X.X
...........................X.X
XX.XX.XX.XX.XX.XX.XX.XX.XX....
...........................X.X
XX.XX.XX.XX.XX.XX.XX.XX.XX.X.X
..............................
XX.XX.XX.XX.XX.XX.XX.XX.XX.XX.
..............................
XX.XX.XX.XX.XX.XX.XX.XX.XX.XX.

24 33 141
XX.XX.XX.XX.XX.XX.XX.X.X
.....................X.X
XX.XX.XX.XX.XX.XX.XX....
.....................X.X
XX.XX.XX.XX.XX.XX.XX.X.X
........................
XX.XX.XX.XX.XX.XX.XX.X.X
.....................X.X
XX.XX.XX.XX.XX.XX.XX....
.....................X.X
XX.XX.XX.XX.XX.XX.XX.X.X
........................
XX.XX.XX.XX.XX.XX.XX.X.X
.....................X.X
XX.XX.XX.XX.XX.XX.XX....
.....................X.X
XX.XX.XX.XX.XX.XX.XX.X.X
........................
XX.XX.XX.XX.XX.XX.XX.X.X
.....................X.X
XX.XX.XX.XX.XX.XX.XX....
.....................X.X
XX.XX.XX.XX.XX.XX.XX.X.X
........................
XX.XX.XX.XX.XX.XX.XX.X.X
.....................X.X
XX.XX.XX.XX.XX.XX.XX....
.....................X.X
XX.XX.XX.XX.XX.XX.XX.X.X
........................
XX.XX.XX.XX.XX.XX.XX.XX.
........................
XX.XX.XX.XX.XX.XX.XX.XX.

32 22 126
XX.X.X.X.X.X.X.X.X.X.X.X.X.X.X.X
...X.X.X.X.X.X.X.X.X.X.X.X.X.X.X
XX..............................
...XX.X.X.X.X.X.X.X.X.X.X.X.X.XX
XX....X.X.X.X.X.X.X.X.X.X.X.X...
...XX.........................XX
XX....XX.X.X.X.X.X.X.X.X.X.XX...
...XX....X.X.X.X.X.X.X.X.X....XX
XX....XX...................XX...
...XX....X.X.X.X.X.X.XX.XX....XX
XX....XX.X.X.X.X.X.X.......XX...
...XX.................X.XX....XX
XX....XX.XX.XX.XX.XX..X....XX...
...XX...................XX....XX
XX....X.X.X.X.X.X.X.X.X....XX...
...XX.X.X.X.X.X.X.X.X.X.XX....XX
XX.........................XX...
...X.X.X.X.X.X.X.X.X.X.X.X....XX
XX.X.X.X.X.X.X.X.X.X.X.X.X.XX...
..............................XX
X.X.X.X.X.X.X.X.X.X.X.X.X.X.X...
X.X.X.X.X.X.X.X.X.X.X.X.X.X.X.XX

28 15 77
XX.XX.XX.XX.XX.XX.XX.XX.XX.X
...........................X
XX.XX.XX.XX.XX.XX.XX.XX.XX..
...........................X
XX.XX.XX.XX.XX.XX.XX.XX.XX.X
............................
XX.XX.XX.XX.XX.XX.XX.XX.XX.X
...........................X
XX.XX.XX.XX.XX.XX.XX.XX.XX..
...........................X
XX.XX.XX.XX.XX.XX.XX.XX.XX.X
............................
XX.XX.XX.XX.XX.XX.XX.XX.XX.X
............................
XX.XX.XX.XX.XX.XX.XX.XX.XX.X

18 22 72
XX.X.X.X.X.X.X.X.X
...X.X.X.X.X.X.X.X
XX................
...XX.X.X.X.X.X.XX
XX....X.X.X.X.X...
...XX...........XX
XX....XX.X.X.XX...
...XX....X.X....XX
XX....XX.....XX...
...XX.....XX....XX
XX....XX.....XX...
...XX.....XX....XX
XX....XX.....XX...
...XX.....XX....XX
XX....X.X....XX...
...XX.X.X.XX....XX
XX...........XX...
...X.X.X.X.X....XX
XX.X.X.X.X.X.XX...
................XX
X.X.X.X.X.X.X.X...
X.X.X.X.X.X.X.X.XX

20 19 70
XX.XX.XX.XX.XX.XX.XX
....................
XX.XX.XX.XX.XX.XX.XX
....................
XX.XX.XX.XX.XX.XX.XX
....................
XX.XX.XX.XX.XX.XX.XX
....................
XX.XX.XX.XX.XX.XX.XX
....................
XX.XX.XX.XX.XX.XX.XX
....................
XX.XX.XX.XX.XX.XX.XX
....................
XX.XX.XX.XX.XX.XX.XX
....................
XX.XX.XX.XX.XX.XX.XX
....................
XX.XX.XX.XX.XX.XX.XX

28 5 29
XX.XX.XX.XX.XX.XX.XX.XX.XX.X
...........................X
XX.XX.XX.XX.XX.XX.XX.XX.XX..
...........................X
XX.XX.XX.XX.XX.XX.XX.XX.XX.X

18 16 53
XX.X.X.X.X.X.X.X.X
...X.X.X.X.X.X.X.X
XX................
...XX.X.X.X.X.X.XX
XX....X.X.X.X.X...
...XX...........XX
XX....X.X.XX.XX...
...XX.X.X.......XX
XX.........X.XX...
...XX.XX...X....XX
XX...........XX...
...X.X.X.X.X....XX
XX.X.X.X.X.X.XX...
................XX
X.X.X.X.X.X.X.X...
X.X.X.X.X.X.X.X.XX

Invalid 42 67
10 36 67
XX.X.X.X.X
...X.X.X.X
XX........
........XX
XX........
........XX
XX........
........XX
XX........
........XX
XX........
........XX
XX........
........XX
XX........
........XX
XX........
........XX
XX........
........XX
XX........
........XX
XX........
........XX
XX........
........XX
XX........
........XX
XX........
........XX
XX........
........XX
XX........
........XX
X.X.X.X...
X.X.X.X.XX

Invalid 116 117
21 31 117
X.X.X.X.X.X.X.X.X.X.X
X.X.X.X.X.X.X.X.X.X.X
.....................
X.X.X.X.X.X.X.X.X.X.X
X.X.X.X.X.X.X.X.X.X.X
.....................
X.X.X.X.X.X.X.X.X.X.X
X.X.X.X.X.X.X.X.X.X.X
.....................
X.X.X.X.X.X.X.X.X.X.X
X.X.X.X.X.X.X.X.X.X.X
.....................
X.X.X.X.X.X.X.X.X.X.X
X.X.X.X.X.X.X.X.X.X.X
.....................
X.X.X.X.X.X.X.X.X.X.X
X.X.X.X.X.X.X.X.X.X.X
.....................
X.X.X.X.X.X.X.X.X.X.X
X.X.X.X.X.X.X.X.X.X.X
.....................
X.X.X.X.X.X.X.X.X.X.X
X.X.X.X.X.X.X.X.X.X.X
.....................
X.X.X.X.X.X.X.X.X.X.X
X.X.X.X.X.X.X.X.X.X.X
.....................
X.X.X.X.X.X.X.X.X.X.X
X.X.X.X.X.X.X.X.X.X.X
.....................
XX.XX.XX.XX.XX.XX....

9 17 30
X.X.X.X.X
X.X.X.X.X
.........
X.X.X.X.X
X.X.X.X.X
.........
X.X.X.X.X
X.X.X.X.X
.........
X.X.X.X.X
X.X.X.X.X
.........
X.X.X.X.X
X.X.X.X.X
.........
X.X.X.X.X
X.X.X.X.X

Invalid 20 25
8 16 25
XX.X.X.X
...X.X.X
XX......
......XX
XX......
......XX
XX......
......XX
XX......
......XX
XX......
......XX
XX......
......XX
X.X.X...
X.X.X.XX

29 38 195
X.X.X.X.X.X.X.X.X.X.X.X.X.X.X
X.X.X.X.X.X.X.X.X.X.X.X.X.X.X
.............................
X.X.X.X.X.X.X.X.X.X.X.X.X.X.X
X.X.X.X.X.X.X.X.X.X.X.X.X.X.X
.............................
X.X.X.X.X.X.X.X.X.X.X.X.X.X.X
X.X.X.X.X.X.X.X.X.X.X.X.X.X.X
.............................
X.X.X.X.X.X.X.X.X.X.X.X.X.X.X
X.X.X.X.X.X.X.X.X.X.X.X.X.X.X
.............................
X.X.X.X.X.X.X.X.X.X.X.X.X.X.X
X.X.X.X.X.X.X.X.X.X.X.X.X.X.X
.............................
X.X.X.X.X.X.X.X.X.X.X.X.X.X.X
X.X.X.X.X.X.X.X.X.X.X.X.X.X.X
.............................
X.X.X.X.X.X.X.X.X.X.X.X.X.X.X
X.X.X.X.X.X.X.X.X.X.X.X.X.X.X
.............................
X.X.X.X.X.X.X.X.X.X.X.X.X.X.X
X.X.X.X.X.X.X.X.X.X.X.X.X.X.X
.............................
X.X.X.X.X.X.X.X.X.X.X.X.X.X.X
X.X.X.X.X.X.X.X.X.X.X.X.X.X.X
.............................
X.X.X.X.X.X.X.X.X.X.X.X.X.X.X
X.X.X.X.X.X.X.X.X.X.X.X.X.X.X
.............................
X.X.X.X.X.X.X.X.X.X.X.X.X.X.X
X.X.X.X.X.X.X.X.X.X.X.X.X.X.X
.............................
X.X.X.X.X.X.X.X.X.X.X.X.X.X.X
X.X.X.X.X.X.X.X.X.X.X.X.X.X.X
.............................
X.X.X.X.X.X.X.X.X.X.X.X.X.X.X
X.X.X.X.X.X.X.X.X.X.X.X.X.X.X

35 26 162
X.X.X.X.X.X.X.X.X.X.X.X.X.X.X.X.X.X
X.X.X.X.X.X.X.X.X.X.X.X.X.X.X.X.X.X
...................................
X.X.X.X.X.X.X.X.X.X.X.X.X.X.X.X.X.X
X.X.X.X.X.X.X.X.X.X.X.X.X.X.X.X.X.X
...................................
X.X.X.X.X.X.X.X.X.X.X.X.X.X.X.X.X.X
X.X.X.X.X.X.X.X.X.X.X.X.X.X.X.X.X.X
...................................
X.X.X.X.X.X.X.X.X.X.X.X.X.X.X.X.X.X
X.X.X.X.X.X.X.X.X.X.X.X.X.X.X.X.X.X
...................................
X.X.X.X.X.X.X.X.X.X.X.X.X.X.X.X.X.X
X.X.X.X.X.X.X.X.X.X.X.X.X.X.X.X.X.X
...................................
X.X.X.X.X.X.X.X.X.X.X.X.X.X.X.X.X.X
X.X.X.X.X.X.X.X.X.X.X.X.X.X.X.X.X.X
...................................
X.X.X.X.X.X.X.X.X.X.X.X.X.X.X.X.X.X
X.X.X.X.X.X.X.X.X.X.X.X.X.X.X.X.X.X
...................................
X.X.X.X.X.X.X.X.X.X.X.X.X.X.X.X.X.X
X.X.X.X.X.X.X.X.X.X.X.X.X.X.X.X.X.X
...................................
X.X.X.X.X.X.X.X.X.X.X.X.X.X.X.X.X.X
X.X.X.X.X.X.X.X.X.X.X.X.X.X.X.X.X.X

8 31 48
XX.XX.XX
........
XX.XX.XX
........
XX.XX.XX
........
XX.XX.XX
........
XX.XX.XX
........
XX.XX.XX
........
XX.XX.XX
........
XX.XX.XX
........
XX.XX.XX
........
XX.XX.XX
........
XX.XX.XX
........
XX.XX.XX
........
XX.XX.XX
........
XX.XX.XX
........
XX.XX.XX
........
XX.XX.XX

23 24 100
X.X.X.X.X.X.X.X.X.X.X.X
X.X.X.X.X.X.X.X.X.X.X.X
.......................
X.X.X.X.X.X.X.X.X.X.X.X
X.X.X.X.X.X.X.X.X.X.X.X
.......................
X.X.X.X.X.X.X.X.X.X.X.X
X.X.X.X.X.X.X.X.X.X.X.X
.......................
X.X.X.X.X.X.X.X.X.X.X.X
X.X.X.X.X.X.X.X.X.X.X.X
.......................
X.X.X.X.X.X.X.X.X.X.X.X
X.X.X.X.X.X.X.X.X.X.X.X
.......................
X.X.X.X.X.X.X.X.X.X.X.X
X.X.X.X.X.X.X.X.X.X.X.X
.......................
X.X.X.X.X.X.X.X.X.X.X.X
X.X.X.X.X.X.X.X.X.X.X.X
.......................
XX.XX.XX.XX.XX.XX.XX.XX
.......................
XX.XX.XX.XX.XX.XX.XX.XX

