11x16
X.X.X.X.X.X
X.X.X.X.X.X
...........
X.X.X.X.X.X
X.X.X.X.X.X
...........
X.X.X.X.X.X
X.X.X.X.X.X
...........
X.X.X.X.X.X
X.X.X.X.X.X
...........
X.X.X.X.X.X
XX.XX.XX.XX
...........
XX.XX.XX...

17x15
X.X.X.X.X.X.X.X.X
X.X.X.X.X.X.X.X.X
.................
X.X.X.X.X.X.X.X.X
X.X.X.X.X.X.X.X.X
.................
X.X.X.X.X.X.X.X.X
X.X.X.X.X.X.X.X.X
.................
X.X.X.X.X.X.X.X.X
X.X.X.X.X.X.X.X.X
.................
XX.XX.XX.XX.XX.XX
.................
XX.XX.XX.XX.XX.XX

17x16
X.X.X.X.X.X.X.X.X
X.X.X.X.X.X.X.X.X
.................
X.X.X.X.X.X.X.X.X
X.X.X.X.X.X.X.X.X
.................
X.X.X.X.X.X.X.X.X
X.X.X.X.X.X.X.X.X
.................
X.X.X.X.X.X.X.X.X
X.X.X.X.X.X.X.X.X
.................
X.X.X.X.X.X.X.X.X
XX.XX.XX.XX.XX.XX
.................
XX.XX.XX.XX.X....

Invalid 18 19
6x16
XX.X.X
...X.X
XX....
....XX
XX....
....XX
XX....
....XX
XX....
....XX
XX....
....XX
XX....
....XX
X.X...
X.X.XX

7x7
X.X.X.X
X.X.X.X
.......
X.X.X.X
XX.XX..
.......
XX.XX..

Invalid 8 9
7x6
X.X.X.X
X.X.X.X
.......
XX.XX..
.......
XX.XX..

Invalid 18 22
14x8
XX.X.X.X.X.X.X
...X.X.X.X.X.X
XX............
............XX
XX............
............XX
X.X.X.X.X.X...
X.X.X.X.X.X.XX

Invalid 20 25
8x16
XX.X.X.X
...X.X.X
XX......
......XX
XX......
......XX
XX......
......XX
XX......
......XX
XX......
......XX
XX......
......XX
X.X.X...
X.X.X.XX

Invalid 26 41
12x18
XX.X.X.X.X.X
...X.X.X.X.X
XX..........
..........XX
XX..........
..........XX
XX..........
..........XX
XX..........
..........XX
XX..........
..........XX
XX..........
..........XX
XX..........
..........XX
X.X.X.X.X...
X.X.X.X.X.XX

11x9
X.X.X.X.X.X
X.X.X.X.X.X
...........
X.X.X.X.X.X
X.X.X.X.X.X
...........
XX.XX.XX.XX
...........
XX.XX.XX.XX

