14 9 25
XX.XX.XX.XX.XX
..............
XX.XX.XX.XX.XX
..............
XX.XX.XX.XX.XX
..............
XX.XX.XX.XX.XX
..............
XX.XX.XX.XX.XX

Invalid 27 28
9 16 28
X.X.X.X.X
X.X.X.X.X
.........
X.X.X.X.X
X.X.X.X.X
.........
X.X.X.X.X
X.X.X.X.X
.........
X.X.X.X.X
X.X.X.X.X
.........
X.X.X.X.X
X.X.X.X.X
.........
XX.XX....

12 17 39
XX.XX.XX.X.X
.........X.X
XX.XX.XX....
.........X.X
XX.XX.XX.X.X
............
XX.XX.XX.X.X
.........X.X
XX.XX.XX....
.........X.X
XX.XX.XX.X.X
............
XX.XX.XX.X.X
.........X.X
XX.XX.XX....
.........X.X
XX.XX.XX.X.X

6 13 16
XX.X.X
...X.X
XX....
...X.X
XX.X.X
......
XX.X.X
...X.X
XX....
...X.X
XX.X.X
......
XX.XX.

8 5 9
XX.XX.XX
........
XX.XX.XX
........
XX.XX.XX

17 10 33
X.X.X.X.X.X.X.X.X
X.X.X.X.X.X.X.X.X
.................
X.X.X.X.X.X.X.X.X
X.X.X.X.X.X.X.X.X
.................
X.X.X.X.X.X.X.X.X
X.X.X.X.X.X.X.X.X
.................
XX.XX.XX.XX.XX.XX

8 4 7
X.X.X.XX
X.X.X...
.......X
XX.XX..X

11 12 26
X.X.X.X.X.X
X.X.X.X.X.X
...........
X.X.X.X.X.X
X.X.X.X.X.X
...........
X.X.X.X.X.X
X.X.X.X.X.X
...........
XX.XX.XX.XX
...........
XX.XX.XX.XX

Invalid 24 26
15 9 26
X.X.X.X.X.X.X.X
X.X.X.X.X.X.X.X
...............
X.X.X.X.X.X.X.X
X.X.X.X.X.X.X.X
...............
XX.XX.XX.XX....
...............
XX.XX.XX.XX....

16 10 31
XX.X.X.X.X.X.X.X
...X.X.X.X.X.X.X
XX..............
...X.X.X.X.XX.XX
XX.X.X.X.X......
............X.XX
XX.XX.XX.XX.X...
..............XX
X.X.X.X.X.X.X...
X.X.X.X.X.X.X.XX

