21x7
X.X.X.X.X.X.X.X.X.X.X
X.X.X.X.X.X.X.X.X.X.X
.....................
X.X.X.X.X.X.X.X.X.X.X
XX.XX.XX.XX.XX.XX.XX.
.....................
XX.XX.XX.XX.XX.X.....

Invalid 12 13
7x9
X.X.X.X
X.X.X.X
.......
X.X.X.X
X.X.X.X
.......
XX.XX..
.......
XX.XX..

29x35
X.X.X.X.X.X.X.X.X.X.X.X.X.X.X
X.X.X.X.X.X.X.X.X.X.X.X.X.X.X
.............................
X.X.X.X.X.X.X.X.X.X.X.X.X.X.X
X.X.X.X.X.X.X.X.X.X.X.X.X.X.X
.............................
X.X.X.X.X.X.X.X.X.X.X.X.X.X.X
X.X.X.X.X.X.X.X.X.X.X.X.X.X.X
.............................
X.X.X.X.X.X.X.X.X.X.X.X.X.X.X
X.X.X.X.X.X.X.X.X.X.X.X.X.X.X
.............................
X.X.X.X.X.X.X.X.X.X.X.X.X.X.X
X.X.X.X.X.X.X.X.X.X.X.X.X.X.X
.............................
X.X.X.X.X.X.X.X.X.X.X.X.X.X.X
X.X.X.X.X.X.X.X.X.X.X.X.X.X.X
.............................
X.X.X.X.X.X.X.X.X.X.X.X.X.X.X
X.X.X.X.X.X.X.X.X.X.X.X.X.X.X
.............................
X.X.X.X.X.X.X.X.X.X.X.X.X.X.X
X.X.X.X.X.X.X.X.X.X.X.X.X.X.X
.............................
X.X.X.X.X.X.X.X.X.X.X.X.X.X.X
X.X.X.X.X.X.X.X.X.X.X.X.X.X.X
.............................
X.X.X.X.X.X.X.X.X.X.X.X.X.X.X
X.X.X.X.X.X.X.X.X.X.X.X.X.X.X
.............................
X.X.X.X.X.X.X.X.X.X.X.X.X.X.X
X.X.X.X.X.X.X.X.X.X.X.X.X.X.X
.............................
X.X.X.X.X.X.X.X.X.X.X.X.X.X.X
X.X.X.X.X.X.X.X.X.X.X.X.X.X.X

37x13
X.X.X.X.X.X.X.X.X.X.X.X.X.X.X.X.X.X.X
X.X.X.X.X.X.X.X.X.X.X.X.X.X.X.X.X.X.X
.....................................
X.X.X.X.X.X.X.X.X.X.X.X.X.X.X.X.X.X.X
X.X.X.X.X.X.X.X.X.X.X.X.X.X.X.X.X.X.X
.....................................
X.X.X.X.X.X.X.X.X.X.X.X.X.X.X.X.X.X.X
X.X.X.X.X.X.X.X.X.X.X.X.X.X.X.X.X.X.X
.....................................
X.X.X.X.X.X.X.X.X.X.X.X.X.X.X.X.X.X.X
XX.XX.XX.XX.XX.XX.XX.XX.XX.XX.XX.XX..
.....................................
XX.XX.XX.XX.XX.XX.XX.XX.XX.X.........

38x25
XX.XX.XX.XX.XX.XX.XX.XX.XX.XX.XX.XX.XX
......................................
XX.XX.XX.XX.XX.XX.XX.XX.XX.XX.XX.XX.XX
......................................
XX.XX.XX.XX.XX.XX.XX.XX.XX.XX.XX.XX.XX
......................................
XX.XX.XX.XX.XX.XX.XX.XX.XX.XX.XX.XX.XX
......................................
XX.XX.XX.XX.XX.XX.XX.XX.XX.XX.XX.XX.XX
......................................
XX.XX.XX.XX.XX.XX.XX.XX.XX.XX.XX.XX.XX
......................................
XX.XX.XX.XX.XX.XX.XX.XX.XX.XX.XX.XX.XX
......................................
XX.XX.XX.XX.XX.XX.XX.XX.XX.XX.XX.XX.XX
......................................
XX.XX.XX.XX.XX.XX.XX.XX.XX.XX.XX.XX.XX
......................................
XX.XX.XX.XX.XX.XX.XX.XX.XX.XX.XX.XX.XX
......................................
XX.XX.XX.XX.XX.XX.XX.XX.XX.XX.XX.XX.XX
......................................
XX.XX.XX.XX.XX.XX.XX.XX.XX.XX.XX.XX.XX
......................................
XX.XX.XX.XX.XX.XX.XX.XX.XX.XX.XX.XX.XX

Invalid 42 87
16x30
XX.X.X.X.X.X.X.X
...X.X.X.X.X.X.X
XX..............
..............XX
XX..............
..............XX
XX..............
..............XX
XX..............
..............XX
XX..............
..............XX
XX..............
..............XX
XX..............
..............XX
XX..............
..............XX
XX..............
..............XX
XX..............
..............XX
XX..............
..............XX
XX..............
..............XX
XX..............
..............XX
X.X.X.X.X.X.X...
X.X.X.X.X.X.X.XX

17x26
X.X.X.X.X.X.X.X.X
X.X.X.X.X.X.X.X.X
.................
X.X.X.X.X.X.X.X.X
X.X.X.X.X.X.X.X.X
.................
X.X.X.X.X.X.X.X.X
X.X.X.X.X.X.X.X.X
.................
X.X.X.X.X.X.X.X.X
X.X.X.X.X.X.X.X.X
.................
X.X.X.X.X.X.X.X.X
X.X.X.X.X.X.X.X.X
.................
X.X.X.X.X.X.X.X.X
X.X.X.X.X.X.X.X.X
.................
X.X.X.X.X.X.X.X.X
X.X.X.X.X.X.X.X.X
.................
X.X.X.X.X.X.X.X.X
X.X.X.X.X.X.X.X.X
.................
X.X.X.X.X.X.X.X.X
X.X.X.X.X.X.X.X.X

38x33
XX.XX.XX.XX.XX.XX.XX.XX.XX.XX.XX.XX.XX
......................................
XX.XX.XX.XX.XX.XX.XX.XX.XX.XX.XX.XX.XX
......................................
XX.XX.XX.XX.XX.XX.XX.XX.XX.XX.XX.XX.XX
......................................
XX.XX.XX.XX.XX.XX.XX.XX.XX.XX.XX.XX.XX
......................................
XX.XX.XX.XX.XX.XX.XX.XX.XX.XX.XX.XX.XX
......................................
XX.XX.XX.XX.XX.XX.XX.XX.XX.XX.XX.XX.XX
......................................
XX.XX.XX.XX.XX.XX.XX.XX.XX.XX.XX.XX.XX
......................................
XX.XX.XX.XX.XX.XX.XX.XX.XX.XX.XX.XX.XX
......................................
XX.XX.XX.XX.XX.XX.XX.XX.XX.XX.XX.XX.XX
......................................
XX.XX.XX.XX.XX.XX.XX.XX.XX.XX.XX.XX.XX
......................................
XX.XX.XX.XX.XX.XX.XX.XX.XX.XX.XX.XX.XX
......................................
XX.XX.XX.XX.XX.XX.XX.XX.XX.XX.XX.XX.XX
......................................
XX.XX.XX.XX.XX.XX.XX.XX.XX.XX.XX.XX.XX
......................................
XX.XX.XX.XX.XX.XX.XX.XX.XX.XX.XX.XX.XX
......................................
XX.XX.XX.XX.XX.XX.XX.XX.XX.XX.XX.XX.XX
......................................
XX.XX.XX.XX.XX.XX.XX.XX.XX.XX.XX.XX.XX
......................................
XX.XX.XX.XX.XX.XX.XX.XX.XX.XX.XX.XX.XX

11x30
X.X.X.X.X.X
X.X.X.X.X.X
...........
X.X.X.X.X.X
X.X.X.X.X.X
...........
X.X.X.X.X.X
X.X.X.X.X.X
...........
X.X.X.X.X.X
X.X.X.X.X.X
...........
X.X.X.X.X.X
X.X.X.X.X.X
...........
X.X.X.X.X.X
X.X.X.X.X.X
...........
X.X.X.X.X.X
X.X.X.X.X.X
...........
X.X.X.X.X.X
X.X.X.X.X.X
...........
X.X.X.X.X.X
X.X.X.X.X.X
...........
XX.XX.XX.XX
...........
XX.XX.XX.XX

35x5
X.X.X.X.X.X.X.X.X.X.X.X.X.X.X.X.X.X
X.X.X.X.X.X.X.X.X.X.X.X.X.X.X.X.X.X
...................................
X.X.X.X.X.X.X.X.X.X.X.X.X.X.X.X.X.X
X.X.X.X.X.X.X.X.X.X.X.X.X.X.X.X.X.X

Invalid 26 34
22x8
XX.X.X.X.X.X.X.X.X.X.X
...X.X.X.X.X.X.X.X.X.X
XX....................
....................XX
XX....................
....................XX
X.X.X.X.X.X.X.X.X.X...
X.X.X.X.X.X.X.X.X.X.XX

24x9
XX.XX.XX.XX.XX.XX.XX.X.X
.....................X.X
XX.XX.XX.XX.XX.XX.XX....
.....................X.X
XX.XX.XX.XX.XX.XX.XX.X.X
........................
XX.XX.XX.XX.XX.XX.XX.X.X
.....................X.X
XX.XX.XX.XX.XX.XX.XX....

Invalid 44 45
7x33
X.X.X.X
X.X.X.X
.......
X.X.X.X
X.X.X.X
.......
X.X.X.X
X.X.X.X
.......
X.X.X.X
X.X.X.X
.......
X.X.X.X
X.X.X.X
.......
X.X.X.X
X.X.X.X
.......
X.X.X.X
X.X.X.X
.......
X.X.X.X
X.X.X.X
.......
X.X.X.X
X.X.X.X
.......
X.X.X.X
X.X.X.X
.......
XX.XX..
.......
XX.XX..

5x38
X.X.X
X.X.X
.....
X.X.X
X.X.X
.....
X.X.X
X.X.X
.....
X.X.X
X.X.X
.....
X.X.X
X.X.X
.....
X.X.X
X.X.X
.....
X.X.X
X.X.X
.....
X.X.X
X.X.X
.....
X.X.X
X.X.X
.....
X.X.X
X.X.X
.....
X.X.X
X.X.X
.....
X.X.X
X.X.X
.....
X.X.X
X.X.X

28x4
XX.X.X.X.X.X.X.X.X.X.X......
...X.X.X.X.X.X.X.X.X.X......
X.X.X.X.X.X.X.X.X.X.X.X.....
X.X.X.X.X.X.X.X.X.X.X.X...XX

Invalid 36 70
16x24
XX.X.X.X.X.X.X.X
...X.X.X.X.X.X.X
XX..............
..............XX
XX..............
..............XX
XX..............
..............XX
XX..............
..............XX
XX..............
..............XX
XX..............
..............XX
XX..............
..............XX
XX..............
..............XX
XX..............
..............XX
XX..............
..............XX
X.X.X.X.X.X.X...
X.X.X.X.X.X.X.XX

38x5
XX.XX.XX.XX.XX.XX.XX.XX.XX.XX.XX.XX.XX
......................................
XX.XX.XX.XX.XX.XX.XX.XX.XX.XX.XX.XX.XX
......................................
XX.XX.XX.XX.XX.XX.XX.XX.XX.XX.XX.XX.XX

Invalid 48 97
38x14
XX.X.X.X.X.X.X.X.X.X.X.X.X.X.X.X.X.X.X
...X.X.X.X.X.X.X.X.X.X.X.X.X.X.X.X.X.X
XX....................................
....................................XX
XX....................................
....................................XX
XX....................................
....................................XX
XX....................................
....................................XX
XX....................................
....................................XX
X.X.X.X.X.X.X.X.X.X.X.X.X.X.X.X.X.X...
X.X.X.X.X.X.X.X.X.X.X.X.X.X.X.X.X.X.XX

Invalid 30 40
8x26
XX.X.X.X
...X.X.X
XX......
......XX
XX......
......XX
XX......
......XX
XX......
......XX
XX......
......XX
XX......
......XX
XX......
......XX
XX......
......XX
XX......
......XX
XX......
......XX
XX......
......XX
X.X.X...
X.X.X.XX

9x32
X.X.X.X.X
X.X.X.X.X
.........
X.X.X.X.X
X.X.X.X.X
.........
X.X.X.X.X
X.X.X.X.X
.........
X.X.X.X.X
X.X.X.X.X
.........
X.X.X.X.X
X.X.X.X.X
.........
X.X.X.X.X
X.X.X.X.X
.........
X.X.X.X.X
X.X.X.X.X
.........
X.X.X.X.X
X.X.X.X.X
.........
X.X.X.X.X
X.X.X.X.X
.........
X.X.X.X.X
X.X.X.X.X
.........
X.X.X.X.X
X.X.X.X.X

21x16
X.X.X.X.X.X.X.X.X.X.X
X.X.X.X.X.X.X.X.X.X.X
.....................
X.X.X.X.X.X.X.X.X.X.X
X.X.X.X.X.X.X.X.X.X.X
.....................
X.X.X.X.X.X.X.X.X.X.X
X.X.X.X.X.X.X.X.X.X.X
.....................
X.X.X.X.X.X.X.X.X.X.X
X.X.X.X.X.X.X.X.X.X.X
.....................
X.X.X.X.X.X.X.X.X.X.X
XX.XX.XX.XX.XX.XX.XX.
.....................
XX.XX.XX.XX.XX.X.....

38x35
XX.XX.XX.XX.XX.XX.XX.XX.XX.XX.XX.XX.XX
......................................
XX.XX.XX.XX.XX.XX.XX.XX.XX.XX.XX.XX.XX
......................................
XX.XX.XX.XX.XX.XX.XX.XX.XX.XX.XX.XX.XX
......................................
XX.XX.XX.XX.XX.XX.XX.XX.XX.XX.XX.XX.XX
......................................
XX.XX.XX.XX.XX.XX.XX.XX.XX.XX.XX.XX.XX
......................................
XX.XX.XX.XX.XX.XX.XX.XX.XX.XX.XX.XX.XX
......................................
XX.XX.XX.XX.XX.XX.XX.XX.XX.XX.XX.XX.XX
......................................
XX.XX.XX.XX.XX.XX.XX.XX.XX.XX.XX.XX.XX
......................................
XX.XX.XX.XX.XX.XX.XX.XX.XX.XX.XX.XX.XX
......................................
XX.XX.XX.XX.XX.XX.XX.XX.XX.XX.XX.XX.XX
......................................
XX.XX.XX.XX.XX.XX.XX.XX.XX.XX.XX.XX.XX
......................................
XX.XX.XX.XX.XX.XX.XX.XX.XX.XX.XX.XX.XX
......................................
XX.XX.XX.XX.XX.XX.XX.XX.XX.XX.XX.XX.XX
......................................
XX.XX.XX.XX.XX.XX.XX.XX.XX.XX.XX.XX.XX
......................................
XX.XX.XX.XX.XX.XX.XX.XX.XX.XX.XX.XX.XX
......................................
XX.XX.XX.XX.XX.XX.XX.XX.XX.XX.XX.XX.XX
......................................
XX.XX.XX.XX.XX.XX.XX.XX.XX.XX.XX.XX.XX
......................................
XX.XX.XX.XX.XX.XX.XX.XX.XX.XX.XX.XX.XX

22x35
XX.XX.XX.XX.XX.XX.XX.X
...................X.X
XX.XX.XX.XX.XX.XX.X...
...................X.X
XX.XX.XX.XX.XX.XX.XX.X
......................
XX.XX.XX.XX.XX.XX.XX.X
...................X.X
XX.XX.XX.XX.XX.XX.X...
...................X.X
XX.XX.XX.XX.XX.XX.XX.X
......................
XX.XX.XX.XX.XX.XX.XX.X
...................X.X
XX.XX.XX.XX.XX.XX.X...
...................X.X
XX.XX.XX.XX.XX.XX.XX.X
......................
XX.XX.XX.XX.XX.XX.XX.X
...................X.X
XX.XX.XX.XX.XX.XX.X...
...................X.X
XX.XX.XX.XX.XX.XX.XX.X
......................
XX.XX.XX.XX.XX.XX.XX.X
...................X.X
XX.XX.XX.XX.XX.XX.X...
...................X..
XX.XX.XX.XX.XX.XX.XX..
......................
XX.XX.XX.XX.XX.XX.XX..
...................X..
XX.XX.XX.XX.XX.XX.X...
...................X..
XX.XX.XX.XX.XX.XX.XX..

Invalid 44 98
30x18
XX.X.X.X.X.X.X.X.X.X.X.X.X.X.X
...X.X.X.X.X.X.X.X.X.X.X.X.X.X
XX............................
............................XX
XX............................
............................XX
XX............................
............................XX
XX............................
............................XX
XX............................
............................XX
XX............................
............................XX
XX............................
............................XX
X.X.X.X.X.X.X.X.X.X.X.X.X.X...
X.X.X.X.X.X.X.X.X.X.X.X.X.X.XX

20x13
XX.XX.XX.XX.XX.XX.XX
....................
XX.XX.XX.XX.XX.XX.XX
....................
XX.XX.XX.XX.XX.XX.XX
....................
XX.XX.XX.XX.XX.XX.XX
....................
XX.XX.XX.XX.XX.XX.XX
....................
XX.XX.XX.XX.XX.XX.XX
....................
XX.XX.XX.XX.XX.XX.XX

5x31
X.X.X
X.X.X
.....
X.X.X
X.X.X
.....
X.X.X
X.X.X
.....
X.X.X
X.X.X
.....
X.X.X
X.X.X
.....
X.X.X
X.X.X
.....
X.X.X
X.X.X
.....
X.X.X
X.X.X
.....
X.X.X
X.X.X
.....
X.X.X
XX.XX
.....
XX.X.

Invalid 34 53
10x28
XX.X.X.X.X
...X.X.X.X
XX........
........XX
XX........
........XX
XX........
........XX
XX........
........XX
XX........
........XX
XX........
........XX
XX........
........XX
XX........
........XX
XX........
........XX
XX........
........XX
XX........
........XX
XX........
........XX
X.X.X.X...
X.X.X.X.XX

15x23
X.X.X.X.X.X.X.X
X.X.X.X.X.X.X.X
...............
X.X.X.X.X.X.X.X
X.X.X.X.X.X.X.X
...............
X.X.X.X.X.X.X.X
X.X.X.X.X.X.X.X
...............
X.X.X.X.X.X.X.X
X.X.X.X.X.X.X.X
...............
X.X.X.X.X.X.X.X
X.X.X.X.X.X.X.X
...............
X.X.X.X.X.X.X.X
X.X.X.X.X.X.X.X
...............
X.X.X.X.X.X.X.X
X.X.X.X.X.X.X.X
...............
X.X.X.X.X.X.X.X
X.X.X.X.X.X.X.X

6x9
XX.X.X
...X.X
XX....
...X.X
XX.X.X
......
XX.X.X
...X.X
XX....

8x33
XX.XX.XX
........
XX.XX.XX
........
XX.XX.XX
........
XX.XX.XX
........
XX.XX.XX
........
XX.XX.XX
........
XX.XX.XX
........
XX.XX.XX
........
XX.XX.XX
........
XX.XX.XX
........
XX.XX.XX
........
XX.XX.XX
........
XX.XX.XX
........
XX.XX.XX
........
XX.XX.XX
........
XX.XX.XX
........
XX.XX.XX

Invalid 46 111
22x28
XX.X.X.X.X.X.X.X.X.X.X
...X.X.X.X.X.X.X.X.X.X
XX....................
....................XX
XX....................
....................XX
XX....................
....................XX
XX....................
....................XX
XX....................
....................XX
XX....................
....................XX
XX....................
....................XX
XX....................
....................XX
XX....................
....................XX
XX....................
....................XX
XX....................
....................XX
XX....................
....................XX
X.X.X.X.X.X.X.X.X.X...
X.X.X.X.X.X.X.X.X.X.XX

Invalid 44 80
12x36
XX.X.X.X.X.X
...X.X.X.X.X
XX..........
..........XX
XX..........
..........XX
XX..........
..........XX
XX..........
..........XX
XX..........
..........XX
XX..........
..........XX
XX..........
..........XX
XX..........
..........XX
XX..........
..........XX
XX..........
..........XX
XX..........
..........XX
XX..........
..........XX
XX..........
..........XX
XX..........
..........XX
XX..........
..........XX
XX..........
..........XX
X.X.X.X.X...
X.X.X.X.X.XX

35x13
X.X.X.X.X.X.X.X.X.X.X.X.X.X.X.X.X.X
X.X.X.X.X.X.X.X.X.X.X.X.X.X.X.X.X.X
...................................
X.X.X.X.X.X.X.X.X.X.X.X.X.X.X.X.X.X
X.X.X.X.X.X.X.X.X.X.X.X.X.X.X.X.X.X
...................................
X.X.X.X.X.X.X.X.X.X.X.X.X.X.X.X.X.X
X.X.X.X.X.X.X.X.X.X.X.X.X.X.X.X.X.X
...................................
X.X.X.X.X.X.X.X.X.X.X.X.X.X.X.X.X.X
XX.XX.XX.XX.XX.XX.XX.XX.XX.XX.XX.XX
...................................
XX.XX.XX.XX.XX.XX.XX.XX.XX.........

7x4
X.X.X.X
XX.XX..
.......
XX.XX..

18x35
XX.XX.XX.XX.XX.X.X
...............X.X
XX.XX.XX.XX.XX....
...............X.X
XX.XX.XX.XX.XX.X.X
..................
XX.XX.XX.XX.XX.X.X
...............X.X
XX.XX.XX.XX.XX....
...............X.X
XX.XX.XX.XX.XX.X.X
..................
XX.XX.XX.XX.XX.X.X
...............X.X
XX.XX.XX.XX.XX....
...............X.X
XX.XX.XX.XX.XX.X.X
..................
XX.XX.XX.XX.XX.X.X
...............X.X
XX.XX.XX.XX.XX....
...............X.X
XX.XX.XX.XX.XX.X.X
..................
XX.XX.XX.XX.XX.X.X
...............X.X
XX.XX.XX.XX.XX....
...............X.X
XX.XX.XX.XX.XX.X.X
..................
XX.XX.XX.XX.XX.X.X
...............X.X
XX.XX.XX.XX.XX....
...............X.X
XX.XX.XX.XX.XX.X.X

Invalid 22 24
6x20
XX.X.X
...X.X
XX....
....XX
XX....
....XX
XX....
....XX
XX....
....XX
XX....
....XX
XX....
....XX
XX....
....XX
XX....
....XX
X.X...
X.X.XX

Invalid 38 67
12x30
XX.X.X.X.X.X
...X.X.X.X.X
XX..........
..........XX
XX..........
..........XX
XX..........
..........XX
XX..........
..........XX
XX..........
..........XX
XX..........
..........XX
XX..........
..........XX
XX..........
..........XX
XX..........
..........XX
XX..........
..........XX
XX..........
..........XX
XX..........
..........XX
XX..........
..........XX
X.X.X.X.X...
X.X.X.X.X.XX

Invalid 20 27
14x10
XX.X.X.X.X.X.X
...X.X.X.X.X.X
XX............
............XX
XX............
............XX
XX............
............XX
X.X.X.X.X.X...
X.X.X.X.X.X.XX

34x33
XX.XX.XX.XX.XX.XX.XX.XX.XX.XX.XX.X
...............................X.X
XX.XX.XX.XX.XX.XX.XX.XX.XX.XX.X...
...............................X.X
XX.XX.XX.XX.XX.XX.XX.XX.XX.XX.XX.X
..................................
XX.XX.XX.XX.XX.XX.XX.XX.XX.XX.XX.X
...............................X.X
XX.XX.XX.XX.XX.XX.XX.XX.XX.XX.X...
...............................X.X
XX.XX.XX.XX.XX.XX.XX.XX.XX.XX.XX.X
..................................
XX.XX.XX.XX.XX.XX.XX.XX.XX.XX.XX.X
...............................X.X
XX.XX.XX.XX.XX.XX.XX.XX.XX.XX.X...
...............................X.X
XX.XX.XX.XX.XX.XX.XX.XX.XX.XX.XX.X
..................................
XX.XX.XX.XX.XX.XX.XX.XX.XX.XX.XX.X
...............................X.X
XX.XX.XX.XX.XX.XX.XX.XX.XX.XX.X...
...............................X.X
XX.XX.XX.XX.XX.XX.XX.XX.XX.XX.XX.X
..................................
XX.XX.XX.XX.XX.XX.XX.XX.XX.XX.XX.X
...............................X..
XX.XX.XX.XX.XX.XX.XX.XX.XX.XX.X...
...............................X..
XX.XX.XX.XX.XX.XX.XX.XX.XX.XX.XX..
..................................
XX.XX.XX.XX.XX.XX.XX.XX.XX.XX.XX..
...............................X..
XX.XX.XX.XX.XX.XX.XX.XX.XX.XX.X...

Invalid 54 145
24x34
XX.X.X.X.X.X.X.X.X.X.X.X
...X.X.X.X.X.X.X.X.X.X.X
XX......................
......................XX
XX......................
......................XX
XX......................
......................XX
XX......................
......................XX
XX......................
......................XX
XX......................
......................XX
XX......................
......................XX
XX......................
......................XX
XX......................
......................XX
XX......................
......................XX
XX......................
......................XX
XX......................
......................XX
XX......................
......................XX
XX......................
......................XX
XX......................
......................XX
X.X.X.X.X.X.X.X.X.X.X...
X.X.X.X.X.X.X.X.X.X.X.XX

30x31
XX.XX.XX.XX.XX.XX.XX.XX.XX.X.X
...........................X.X
XX.XX.XX.XX.XX.XX.XX.XX.XX....
...........................X.X
XX.XX.XX.XX.XX.XX.XX.XX.XX.X.X
..............................
XX.XX.XX.XX.XX.XX.XX.XX.XX.X.X
...........................X.X
XX.XX.XX.XX.XX.XX.XX.XX.XX....
...........................X.X
XX.XX.XX.XX.XX.XX.XX.XX.XX.X.X
..............................
XX.XX.XX.XX.XX.XX.XX.XX.XX.X.X
...........................X.X
XX.XX.XX.XX.XX.XX.XX.XX.XX....
...........................X.X
XX.XX.XX.XX.XX.XX.XX.XX.XX.X.X
..............................
XX.XX.XX.XX.XX.XX.XX.XX.XX.X.X
...........................X.X
XX.XX.XX.XX.XX.XX.XX.XX.XX....
...........................X.X
XX.XX.XX.XX.XX.XX.XX.XX.XX.X.X
..............................
XX.XX.XX.XX.XX.XX.XX.XX.XX.X.X
...........................X.X
XX.XX.XX.XX.XX.XX.XX.XX.XX....
...........................X.X
XX.XX.XX.XX.XX.XX.XX.XX.XX.X.X
..............................
XX.XX.XX.XX.XX.XX.XX.XX.XX.X.X

Invalid 32 60
18x18
XX.X.X.X.X.X.X.X.X
...X.X.X.X.X.X.X.X
XX................
................XX
XX................
................XX
XX................
................XX
XX................
................XX
XX................
................XX
XX................
................XX
XX................
................XX
X.X.X.X.X.X.X.X...
X.X.X.X.X.X.X.X.XX

37x17
X.X.X.X.X.X.X.X.X.X.X.X.X.X.X.X.X.X.X
X.X.X.X.X.X.X.X.X.X.X.X.X.X.X.X.X.X.X
.....................................
X.X.X.X.X.X.X.X.X.X.X.X.X.X.X.X.X.X.X
X.X.X.X.X.X.X.X.X.X.X.X.X.X.X.X.X.X.X
.....................................
X.X.X.X.X.X.X.X.X.X.X.X.X.X.X.X.X.X.X
X.X.X.X.X.X.X.X.X.X.X.X.X.X.X.X.X.X.X
.....................................
X.X.X.X.X.X.X.X.X.X.X.X.X.X.X.X.X.X.X
X.X.X.X.X.X.X.X.X.X.X.X.X.X.X.X.X.X.X
.....................................
X.X.X.X.X.X.X.X.X.X.X.X.X.X.X.X.X.X.X
X.X.X.X.X.X.X.X.X.X.X.X.X.X.X.X.X.X.X
.....................................
X.X.X.X.X.X.X.X.X.X.X.X.X.X.X.X.X.X.X
X.X.X.X.X.X.X.X.X.X.X.X.X.X.X.X.X.X.X

19x26
X.X.X.X.X.X.X.X.X.X
X.X.X.X.X.X.X.X.X.X
...................
X.X.X.X.X.X.X.X.X.X
X.X.X.X.X.X.X.X.X.X
...................
X.X.X.X.X.X.X.X.X.X
X.X.X.X.X.X.X.X.X.X
...................
X.X.X.X.X.X.X.X.X.X
X.X.X.X.X.X.X.X.X.X
...................
X.X.X.X.X.X.X.X.X.X
X.X.X.X.X.X.X.X.X.X
...................
X.X.X.X.X.X.X.X.X.X
X.X.X.X.X.X.X.X.X.X
...................
X.X.X.X.X.X.X.X.X.X
X.X.X.X.X.X.X.X.X.X
...................
X.X.X.X.X.X.X.X.X.X
X.X.X.X.X.X.X.X.X.X
...................
X.X.X.X.X.X.X.X.X.X
X.X.X.X.X.X.X.X.X.X

38x4
XX.X.X.X.X.X.X.X.X.X.X.X.X.X.X........
...X.X.X.X.X.X.X.X.X.X.X.X.X.X........
X.X.X.X.X.X.X.X.X.X.X.X.X.X.X.X.......
X.X.X.X.X.X.X.X.X.X.X.X.X.X.X.X.....XX

13x32
X.X.X.X.X.X.X
X.X.X.X.X.X.X
.............
X.X.X.X.X.X.X
X.X.X.X.X.X.X
.............
X.X.X.X.X.X.X
X.X.X.X.X.X.X
.............
X.X.X.X.X.X.X
X.X.X.X.X.X.X
.............
X.X.X.X.X.X.X
X.X.X.X.X.X.X
.............
X.X.X.X.X.X.X
X.X.X.X.X.X.X
.............
X.X.X.X.X.X.X
X.X.X.X.X.X.X
.............
X.X.X.X.X.X.X
X.X.X.X.X.X.X
.............
X.X.X.X.X.X.X
X.X.X.X.X.X.X
.............
X.X.X.X.X.X.X
X.X.X.X.X.X.X
.............
X.X.X.X.X.X.X
X.X.X.X.X.X.X

25x7
X.X.X.X.X.X.X.X.X.X.X.X.X
X.X.X.X.X.X.X.X.X.X.X.X.X
.........................
X.X.X.X.X.X.X.X.X.X.X.X.X
XX.XX.XX.XX.XX.XX.XX.XX..
.........................
XX.XX.XX.XX.XX.XX.X......

17x32
X.X.X.X.X.X.X.X.X
X.X.X.X.X.X.X.X.X
.................
X.X.X.X.X.X.X.X.X
X.X.X.X.X.X.X.X.X
.................
X.X.X.X.X.X.X.X.X
X.X.X.X.X.X.X.X.X
.................
X.X.X.X.X.X.X.X.X
X.X.X.X.X.X.X.X.X
.................
X.X.X.X.X.X.X.X.X
X.X.X.X.X.X.X.X.X
.................
X.X.X.X.X.X.X.X.X
X.X.X.X.X.X.X.X.X
.................
X.X.X.X.X.X.X.X.X
X.X.X.X.X.X.X.X.X
.................
X.X.X.X.X.X.X.X.X
X.X.X.X.X.X.X.X.X
.................
X.X.X.X.X.X.X.X.X
X.X.X.X.X.X.X.X.X
.................
X.X.X.X.X.X.X.X.X
X.X.X.X.X.X.X.X.X
.................
X.X.X.X.X.X.X.X.X
X.X.X.X.X.X.X.X.X

22x4
XX.X.X.X.X.X.X.X.X....
...X.X.X.X.X.X.X.X....
X.X.X.X.X.X.X.X.X.....
X.X.X.X.X.X.X.X.X...XX

33x19
X.X.X.X.X.X.X.X.X.X.X.X.X.X.X.X.X
X.X.X.X.X.X.X.X.X.X.X.X.X.X.X.X.X
.................................
X.X.X.X.X.X.X.X.X.X.X.X.X.X.X.X.X
X.X.X.X.X.X.X.X.X.X.X.X.X.X.X.X.X
.................................
X.X.X.X.X.X.X.X.X.X.X.X.X.X.X.X.X
X.X.X.X.X.X.X.X.X.X.X.X.X.X.X.X.X
.................................
X.X.X.X.X.X.X.X.X.X.X.X.X.X.X.X.X
X.X.X.X.X.X.X.X.X.X.X.X.X.X.X.X.X
.................................
X.X.X.X.X.X.X.X.X.X.X.X.X.X.X.X.X
X.X.X.X.X.X.X.X.X.X.X.X.X.X.X.X.X
.................................
X.X.X.X.X.X.X.X.X.X.X.X.X.X.X.X.X
XX.XX.XX.XX.XX.XX.XX.XX.XX.XX.XX.
.................................
XX.XX.XX.XX.XX.XX.XX.XX.X........

33x35
X.X.X.X.X.X.X.X.X.X.X.X.X.X.X.X.X
X.X.X.X.X.X.X.X.X.X.X.X.X.X.X.X.X
.................................
X.X.X.X.X.X.X.X.X.X.X.X.X.X.X.X.X
X.X.X.X.X.X.X.X.X.X.X.X.X.X.X.X.X
.................................
X.X.X.X.X.X.X.X.X.X.X.X.X.X.X.X.X
X.X.X.X.X.X.X.X.X.X.X.X.X.X.X.X.X
.................................
X.X.X.X.X.X.X.X.X.X.X.X.X.X.X.X.X
X.X.X.X.X.X.X.X.X.X.X.X.X.X.X.X.X
.................................
X.X.X.X.X.X.X.X.X.X.X.X.X.X.X.X.X
X.X.X.X.X.X.X.X.X.X.X.X.X.X.X.X.X
.................................
X.X.X.X.X.X.X.X.X.X.X.X.X.X.X.X.X
X.X.X.X.X.X.X.X.X.X.X.X.X.X.X.X.X
.................................
X.X.X.X.X.X.X.X.X.X.X.X.X.X.X.X.X
X.X.X.X.X.X.X.X.X.X.X.X.X.X.X.X.X
.................................
X.X.X.X.X.X.X.X.X.X.X.X.X.X.X.X.X
X.X.X.X.X.X.X.X.X.X.X.X.X.X.X.X.X
.................................
X.X.X.X.X.X.X.X.X.X.X.X.X.X.X.X.X
X.X.X.X.X.X.X.X.X.X.X.X.X.X.X.X.X
.................................
X.X.X.X.X.X.X.X.X.X.X.X.X.X.X.X.X
X.X.X.X.X.X.X.X.X.X.X.X.X.X.X.X.X
.................................
X.X.X.X.X.X.X.X.X.X.X.X.X.X.X.X.X
X.X.X.X.X.X.X.X.X.X.X.X.X.X.X.X.X
.................................
X.X.X.X.X.X.X.X.X.X.X.X.X.X.X.X.X
X.X.X.X.X.X.X.X.X.X.X.X.X.X.X.X.X

34x19
XX.XX.XX.XX.XX.XX.XX.XX.XX.XX.XX.X
...............................X.X
XX.XX.XX.XX.XX.XX.XX.XX.XX.XX.X...
...............................X.X
XX.XX.XX.XX.XX.XX.XX.XX.XX.XX.XX.X
..................................
XX.XX.XX.XX.XX.XX.XX.XX.XX.XX.XX.X
...............................X.X
XX.XX.XX.XX.XX.XX.XX.XX.XX.XX.X...
...............................X.X
XX.XX.XX.XX.XX.XX.XX.XX.XX.XX.XX.X
..................................
XX.XX.XX.XX.XX.XX.XX.XX.XX.XX.XX.X
...............................X..
XX.XX.XX.XX.XX.XX.XX.XX.XX.XX.X...
...............................X..
XX.XX.XX.XX.XX.XX.XX.XX.XX.XX.XX..
..................................
XX.XX.XX.XX.XX.XX.XX.XX.XX.XX.XX..

29x32
X.X.X.X.X.X.X.X.X.X.X.X.X.X.X
X.X.X.X.X.X.X.X.X.X.X.X.X.X.X
.............................
X.X.X.X.X.X.X.X.X.X.X.X.X.X.X
X.X.X.X.X.X.X.X.X.X.X.X.X.X.X
.............................
X.X.X.X.X.X.X.X.X.X.X.X.X.X.X
X.X.X.X.X.X.X.X.X.X.X.X.X.X.X
.............................
X.X.X.X.X.X.X.X.X.X.X.X.X.X.X
X.X.X.X.X.X.X.X.X.X.X.X.X.X.X
.............................
X.X.X.X.X.X.X.X.X.X.X.X.X.X.X
X.X.X.X.X.X.X.X.X.X.X.X.X.X.X
.............................
X.X.X.X.X.X.X.X.X.X.X.X.X.X.X
X.X.X.X.X.X.X.X.X.X.X.X.X.X.X
.............................
X.X.X.X.X.X.X.X.X.X.X.X.X.X.X
X.X.X.X.X.X.X.X.X.X.X.X.X.X.X
.............................
X.X.X.X.X.X.X.X.X.X.X.X.X.X.X
X.X.X.X.X.X.X.X.X.X.X.X.X.X.X
.............................
X.X.X.X.X.X.X.X.X.X.X.X.X.X.X
X.X.X.X.X.X.X.X.X.X.X.X.X.X.X
.............................
X.X.X.X.X.X.X.X.X.X.X.X.X.X.X
X.X.X.X.X.X.X.X.X.X.X.X.X.X.X
.............................
X.X.X.X.X.X.X.X.X.X.X.X.X.X.X
X.X.X.X.X.X.X.X.X.X.X.X.X.X.X

18x4
XX.X.X.X.X.X.X....
...X.X.X.X.X.X....
X.X.X.X.X.X.X.....
X.X.X.X.X.X.X...XX

28x27
XX.XX.XX.XX.XX.XX.XX.XX.XX.X
.........................X.X
XX.XX.XX.XX.XX.XX.XX.XX.X...
.........................X.X
XX.XX.XX.XX.XX.XX.XX.XX.XX.X
............................
XX.XX.XX.XX.XX.XX.XX.XX.XX.X
.........................X.X
XX.XX.XX.XX.XX.XX.XX.XX.X...
.........................X.X
XX.XX.XX.XX.XX.XX.XX.XX.XX.X
............................
XX.XX.XX.XX.XX.XX.XX.XX.XX.X
.........................X.X
XX.XX.XX.XX.XX.XX.XX.XX.X...
.........................X.X
XX.XX.XX.XX.XX.XX.XX.XX.XX.X
............................
XX.XX.XX.XX.XX.XX.XX.XX.XX.X
.........................X.X
XX.XX.XX.XX.XX.XX.XX.XX.X...
.........................X..
XX.XX.XX.XX.XX.XX.XX.XX.XX..
............................
XX.XX.XX.XX.XX.XX.XX.XX.XX..
.........................X..
XX.XX.XX.XX.XX.XX.XX.XX.X...

4x10
XX..
....
XX..
..XX
XX..
..XX
XX..
..XX
X...
X.XX

37x38
X.X.X.X.X.X.X.X.X.X.X.X.X.X.X.X.X.X.X
X.X.X.X.X.X.X.X.X.X.X.X.X.X.X.X.X.X.X
.....................................
X.X.X.X.X.X.X.X.X.X.X.X.X.X.X.X.X.X.X
X.X.X.X.X.X.X.X.X.X.X.X.X.X.X.X.X.X.X
.....................................
X.X.X.X.X.X.X.X.X.X.X.X.X.X.X.X.X.X.X
X.X.X.X.X.X.X.X.X.X.X.X.X.X.X.X.X.X.X
.....................................
X.X.X.X.X.X.X.X.X.X.X.X.X.X.X.X.X.X.X
X.X.X.X.X.X.X.X.X.X.X.X.X.X.X.X.X.X.X
.....................................
X.X.X.X.X.X.X.X.X.X.X.X.X.X.X.X.X.X.X
X.X.X.X.X.X.X.X.X.X.X.X.X.X.X.X.X.X.X
.....................................
X.X.X.X.X.X.X.X.X.X.X.X.X.X.X.X.X.X.X
X.X.X.X.X.X.X.X.X.X.X.X.X.X.X.X.X.X.X
.....................................
X.X.X.X.X.X.X.X.X.X.X.X.X.X.X.X.X.X.X
X.X.X.X.X.X.X.X.X.X.X.X.X.X.X.X.X.X.X
.....................................
X.X.X.X.X.X.X.X.X.X.X.X.X.X.X.X.X.X.X
X.X.X.X.X.X.X.X.X.X.X.X.X.X.X.X.X.X.X
.....................................
X.X.X.X.X.X.X.X.X.X.X.X.X.X.X.X.X.X.X
X.X.X.X.X.X.X.X.X.X.X.X.X.X.X.X.X.X.X
.....................................
X.X.X.X.X.X.X.X.X.X.X.X.X.X.X.X.X.X.X
X.X.X.X.X.X.X.X.X.X.X.X.X.X.X.X.X.X.X
.....................................
X.X.X.X.X.X.X.X.X.X.X.X.X.X.X.X.X.X.X
X.X.X.X.X.X.X.X.X.X.X.X.X.X.X.X.X.X.X
.....................................
X.X.X.X.X.X.X.X.X.X.X.X.X.X.X.X.X.X.X
X.X.X.X.X.X.X.X.X.X.X.X.X.X.X.X.X.X.X
.....................................
X.X.X.X.X.X.X.X.X.X.X.X.X.X.X.X.X.X.X
X.X.X.X.X.X.X.X.X.X.X.X.X.X.X.X.X.X.X

5x6
X.X.X
X.X.X
.....
XX.XX
.....
XX.XX

Invalid 38 60
32x10
XX.X.X.X.X.X.X.X.X.X.X.X.X.X.X.X
...X.X.X.X.X.X.X.X.X.X.X.X.X.X.X
XX..............................
..............................XX
XX..............................
..............................XX
XX..............................
..............................XX
X.X.X.X.X.X.X.X.X.X.X.X.X.X.X...
X.X.X.X.X.X.X.X.X.X.X.X.X.X.X.XX

4x8
XX..
....
XX..
..XX
XX..
..XX
X...
X.XX

Invalid 148 149
31x27
X.X.X.X.X.X.X.X.X.X.X.X.X.X.X.X
X.X.X.X.X.X.X.X.X.X.X.X.X.X.X.X
...............................
X.X.X.X.X.X.X.X.X.X.X.X.X.X.X.X
X.X.X.X.X.X.X.X.X.X.X.X.X.X.X.X
...............................
X.X.X.X.X.X.X.X.X.X.X.X.X.X.X.X
X.X.X.X.X.X.X.X.X.X.X.X.X.X.X.X
...............................
X.X.X.X.X.X.X.X.X.X.X.X.X.X.X.X
X.X.X.X.X.X.X.X.X.X.X.X.X.X.X.X
...............................
X.X.X.X.X.X.X.X.X.X.X.X.X.X.X.X
X.X.X.X.X.X.X.X.X.X.X.X.X.X.X.X
...............................
X.X.X.X.X.X.X.X.X.X.X.X.X.X.X.X
X.X.X.X.X.X.X.X.X.X.X.X.X.X.X.X
...............................
X.X.X.X.X.X.X.X.X.X.X.X.X.X.X.X
X.X.X.X.X.X.X.X.X.X.X.X.X.X.X.X
...............................
X.X.X.X.X.X.X.X.X.X.X.X.X.X.X.X
X.X.X.X.X.X.X.X.X.X.X.X.X.X.X.X
...............................
XX.XX.XX.XX.XX.XX.XX.XX.XX.XX..
...............................
XX.XX.XX.XX.XX.XX.XX.XX.XX.XX..

37x13
X.X.X.X.X.X.X.X.X.X.X.X.X.X.X.X.X.X.X
X.X.X.X.X.X.X.X.X.X.X.X.X.X.X.X.X.X.X
.....................................
X.X.X.X.X.X.X.X.X.X.X.X.X.X.X.X.X.X.X
X.X.X.X.X.X.X.X.X.X.X.X.X.X.X.X.X.X.X
.....................................
X.X.X.X.X.X.X.X.X.X.X.X.X.X.X.X.X.X.X
X.X.X.X.X.X.X.X.X.X.X.X.X.X.X.X.X.X.X
.....................................
X.X.X.X.X.X.X.X.X.X.X.X.X.X.X.X.X.X.X
XX.XX.XX.XX.XX.XX.XX.XX.XX.XX.XX.XX..
.....................................
XX.XX.XX.XX.XX.XX.XX.XX.XX.X.........

22x5
XX.XX.XX.XX.XX.XX.XX.X
...................X.X
XX.XX.XX.XX.XX.XX.X...
...................X.X
XX.XX.XX.XX.XX.XX.XX..

4x26
XX..
....
XX..
..XX
XX..
..XX
XX..
..XX
XX..
..XX
XX..
..XX
XX..
..XX
XX..
..XX
XX..
..XX
XX..
..XX
XX..
..XX
XX..
....
....
....

30x33
XX.XX.XX.XX.XX.XX.XX.XX.XX.X.X
...........................X.X
XX.XX.XX.XX.XX.XX.XX.XX.XX....
...........................X.X
XX.XX.XX.XX.XX.XX.XX.XX.XX.X.X
..............................
XX.XX.XX.XX.XX.XX.XX.XX.XX.X.X
...........................X.X
XX.XX.XX.XX.XX.XX.XX.XX.XX....
...........................X.X
XX.XX.XX.XX.XX.XX.XX.XX.XX.X.X
..............................
XX.XX.XX.XX.XX.XX.XX.XX.XX.X.X
...........................X.X
XX.XX.XX.XX.XX.XX.XX.XX.XX....
...........................X.X
XX.XX.XX.XX.XX.XX.XX.XX.XX.X.X
..............................
XX.XX.XX.XX.XX.XX.XX.XX.XX.X.X
...........................X.X
XX.XX.XX.XX.XX.XX.XX.XX.XX....
...........................X.X
XX.XX.XX.XX.XX.XX.XX.XX.XX.X.X
..............................
XX.XX.XX.XX.XX.XX.XX.XX.XX.X.X
...........................X.X
XX.XX.XX.XX.XX.XX.XX.XX.XX....
...........................X.X
XX.XX.XX.XX.XX.XX.XX.XX.XX.X.X
..............................
XX.XX.XX.XX.XX.XX.XX.XX.XX.X.X
...........................X.X
XX.XX.XX.XX.XX.XX.XX.XX.XX....

Invalid 57 58
13x24
X.X.X.X.X.X.X
X.X.X.X.X.X.X
.............
X.X.X.X.X.X.X
X.X.X.X.X.X.X
.............
X.X.X.X.X.X.X
X.X.X.X.X.X.X
.............
X.X.X.X.X.X.X
X.X.X.X.X.X.X
.............
X.X.X.X.X.X.X
X.X.X.X.X.X.X
.............
X.X.X.X.X.X.X
X.X.X.X.X.X.X
.............
X.X.X.X.X.X.X
X.X.X.X.X.X.X
.............
XX.XX.XX.XX..
.............
XX.XX.XX.XX..

25x26
X.X.X.X.X.X.X.X.X.X.X.X.X
X.X.X.X.X.X.X.X.X.X.X.X.X
.........................
X.X.X.X.X.X.X.X.X.X.X.X.X
X.X.X.X.X.X.X.X.X.X.X.X.X
.........................
X.X.X.X.X.X.X.X.X.X.X.X.X
X.X.X.X.X.X.X.X.X.X.X.X.X
.........................
X.X.X.X.X.X.X.X.X.X.X.X.X
X.X.X.X.X.X.X.X.X.X.X.X.X
.........................
X.X.X.X.X.X.X.X.X.X.X.X.X
X.X.X.X.X.X.X.X.X.X.X.X.X
.........................
X.X.X.X.X.X.X.X.X.X.X.X.X
X.X.X.X.X.X.X.X.X.X.X.X.X
.........................
X.X.X.X.X.X.X.X.X.X.X.X.X
X.X.X.X.X.X.X.X.X.X.X.X.X
.........................
X.X.X.X.X.X.X.X.X.X.X.X.X
X.X.X.X.X.X.X.X.X.X.X.X.X
.........................
X.X.X.X.X.X.X.X.X.X.X.X.X
X.X.X.X.X.X.X.X.X.X.X.X.X

19x8
X.X.X.X.X.X.X.X.X.X
X.X.X.X.X.X.X.X.X.X
...................
X.X.X.X.X.X.X.X.X.X
X.X.X.X.X.X.X.X.X.X
...................
X.X.X.X.X.X.X.X.X.X
X.X.X.X.X.X.X.X.X.X

25x8
X.X.X.X.X.X.X.X.X.X.X.X.X
X.X.X.X.X.X.X.X.X.X.X.X.X
.........................
X.X.X.X.X.X.X.X.X.X.X.X.X
X.X.X.X.X.X.X.X.X.X.X.X.X
.........................
X.X.X.X.X.X.X.X.X.X.X.X.X
X.X.X.X.X.X.X.X.X.X.X.X.X

Invalid 48 115
32x20
XX.X.X.X.X.X.X.X.X.X.X.X.X.X.X.X
...X.X.X.X.X.X.X.X.X.X.X.X.X.X.X
XX..............................
..............................XX
XX..............................
..............................XX
XX..............................
..............................XX
XX..............................
..............................XX
XX..............................
..............................XX
XX..............................
..............................XX
XX..............................
..............................XX
XX..............................
..............................XX
X.X.X.X.X.X.X.X.X.X.X.X.X.X.X...
X.X.X.X.X.X.X.X.X.X.X.X.X.X.X.XX

21x34
X.X.X.X.X.X.X.X.X.X.X
X.X.X.X.X.X.X.X.X.X.X
.....................
X.X.X.X.X.X.X.X.X.X.X
X.X.X.X.X.X.X.X.X.X.X
.....................
X.X.X.X.X.X.X.X.X.X.X
X.X.X.X.X.X.X.X.X.X.X
.....................
X.X.X.X.X.X.X.X.X.X.X
X.X.X.X.X.X.X.X.X.X.X
.....................
X.X.X.X.X.X.X.X.X.X.X
X.X.X.X.X.X.X.X.X.X.X
.....................
X.X.X.X.X.X.X.X.X.X.X
X.X.X.X.X.X.X.X.X.X.X
.....................
X.X.X.X.X.X.X.X.X.X.X
X.X.X.X.X.X.X.X.X.X.X
.....................
X.X.X.X.X.X.X.X.X.X.X
X.X.X.X.X.X.X.X.X.X.X
.....................
X.X.X.X.X.X.X.X.X.X.X
X.X.X.X.X.X.X.X.X.X.X
.....................
X.X.X.X.X.X.X.X.X.X.X
X.X.X.X.X.X.X.X.X.X.X
.....................
X.X.X.X.X.X.X.X.X.X.X
XX.XX.XX.XX.XX.XX.XX.
.....................
XX.XX.XX.XX.XX.X.....

28x35
XX.XX.XX.XX.XX.XX.XX.XX.XX.X
.........................X.X
XX.XX.XX.XX.XX.XX.XX.XX.X...
.........................X.X
XX.XX.XX.XX.XX.XX.XX.XX.XX.X
............................
XX.XX.XX.XX.XX.XX.XX.XX.XX.X
.........................X.X
XX.XX.XX.XX.XX.XX.XX.XX.X...
.........................X.X
XX.XX.XX.XX.XX.XX.XX.XX.XX.X
............................
XX.XX.XX.XX.XX.XX.XX.XX.XX.X
.........................X.X
XX.XX.XX.XX.XX.XX.XX.XX.X...
.........................X.X
XX.XX.XX.XX.XX.XX.XX.XX.XX.X
............................
XX.XX.XX.XX.XX.XX.XX.XX.XX.X
.........................X.X
XX.XX.XX.XX.XX.XX.XX.XX.X...
.........................X.X
XX.XX.XX.XX.XX.XX.XX.XX.XX.X
............................
XX.XX.XX.XX.XX.XX.XX.XX.XX.X
.........................X.X
XX.XX.XX.XX.XX.XX.XX.XX.X...
.........................X..
XX.XX.XX.XX.XX.XX.XX.XX.XX..
............................
XX.XX.XX.XX.XX.XX.XX.XX.XX..
.........................X..
XX.XX.XX.XX.XX.XX.XX.XX.X...
.........................X..
XX.XX.XX.XX.XX.XX.XX.XX.XX..

13x37
X.X.X.X.X.X.X
X.X.X.X.X.X.X
.............
X.X.X.X.X.X.X
X.X.X.X.X.X.X
.............
X.X.X.X.X.X.X
X.X.X.X.X.X.X
.............
X.X.X.X.X.X.X
X.X.X.X.X.X.X
.............
X.X.X.X.X.X.X
X.X.X.X.X.X.X
.............
X.X.X.X.X.X.X
X.X.X.X.X.X.X
.............
X.X.X.X.X.X.X
X.X.X.X.X.X.X
.............
X.X.X.X.X.X.X
X.X.X.X.X.X.X
.............
X.X.X.X.X.X.X
X.X.X.X.X.X.X
.............
X.X.X.X.X.X.X
X.X.X.X.X.X.X
.............
X.X.X.X.X.X.X
X.X.X.X.X.X.X
.............
X.X.X.X.X.X.X
XX.XX.XX.XX..
.............
XX.XX.XX.X...

8x7
XX.XX.XX
........
XX.XX.XX
........
XX.XX.XX
........
XX.XX.XX

Invalid 36 73
20x20
XX.X.X.X.X.X.X.X.X.X
...X.X.X.X.X.X.X.X.X
XX..................
..................XX
XX..................
..................XX
XX..................
..................XX
XX..................
..................XX
XX..................
..................XX
XX..................
..................XX
XX..................
..................XX
XX..................
..................XX
X.X.X.X.X.X.X.X.X...
X.X.X.X.X.X.X.X.X.XX

6x19
XX.X.X
...X.X
XX....
...X.X
XX.X.X
......
XX.X.X
...X.X
XX....
...X.X
XX.X.X
......
XX.X.X
...X.X
XX....
...X.X
XX.X.X
......
XX.X.X

Invalid 16 20
10x10
XX.X.X.X.X
...X.X.X.X
XX........
........XX
XX........
........XX
XX........
........XX
X.X.X.X...
X.X.X.X.XX

11x23
X.X.X.X.X.X
X.X.X.X.X.X
...........
X.X.X.X.X.X
X.X.X.X.X.X
...........
X.X.X.X.X.X
X.X.X.X.X.X
...........
X.X.X.X.X.X
X.X.X.X.X.X
...........
X.X.X.X.X.X
X.X.X.X.X.X
...........
X.X.X.X.X.X
X.X.X.X.X.X
...........
X.X.X.X.X.X
X.X.X.X.X.X
...........
X.X.X.X.X.X
X.X.X.X.X.X

Invalid 36 56
10x30
XX.X.X.X.X
...X.X.X.X
XX........
........XX
XX........
........XX
XX........
........XX
XX........
........XX
XX........
........XX
XX........
........XX
XX........
........XX
XX........
........XX
XX........
........XX
XX........
........XX
XX........
........XX
XX........
........XX
XX........
........XX
X.X.X.X...
X.X.X.X.XX

15x22
X.X.X.X.X.X.X.X
X.X.X.X.X.X.X.X
...............
X.X.X.X.X.X.X.X
X.X.X.X.X.X.X.X
...............
X.X.X.X.X.X.X.X
X.X.X.X.X.X.X.X
...............
X.X.X.X.X.X.X.X
X.X.X.X.X.X.X.X
...............
X.X.X.X.X.X.X.X
X.X.X.X.X.X.X.X
...............
X.X.X.X.X.X.X.X
X.X.X.X.X.X.X.X
...............
X.X.X.X.X.X.X.X
XX.XX.XX.XX.XX.
...............
XX.XX.XX.XX....

Invalid 50 117
36x18
XX.X.X.X.X.X.X.X.X.X.X.X.X.X.X.X.X.X
...X.X.X.X.X.X.X.X.X.X.X.X.X.X.X.X.X
XX..................................
..................................XX
XX..................................
..................................XX
XX..................................
..................................XX
XX..................................
..................................XX
XX..................................
..................................XX
XX..................................
..................................XX
XX..................................
..................................XX
X.X.X.X.X.X.X.X.X.X.X.X.X.X.X.X.X...
X.X.X.X.X.X.X.X.X.X.X.X.X.X.X.X.X.XX

26x35
XX.XX.XX.XX.XX.XX.XX.XX.XX
..........................
XX.XX.XX.XX.XX.XX.XX.XX.XX
..........................
XX.XX.XX.XX.XX.XX.XX.XX.XX
..........................
XX.XX.XX.XX.XX.XX.XX.XX.XX
..........................
XX.XX.XX.XX.XX.XX.XX.XX.XX
..........................
XX.XX.XX.XX.XX.XX.XX.XX.XX
..........................
XX.XX.XX.XX.XX.XX.XX.XX.XX
..........................
XX.XX.XX.XX.XX.XX.XX.XX.XX
..........................
XX.XX.XX.XX.XX.XX.XX.XX.XX
..........................
XX.XX.XX.XX.XX.XX.XX.XX.XX
..........................
XX.XX.XX.XX.XX.XX.XX.XX.XX
..........................
XX.XX.XX.XX.XX.XX.XX.XX.XX
..........................
XX.XX.XX.XX.XX.XX.XX.XX.XX
..........................
XX.XX.XX.XX.XX.XX.XX.XX.XX
..........................
XX.XX.XX.XX.XX.XX.XX.XX.XX
..........................
XX.XX.XX.XX.XX.XX.XX.XX.XX
..........................
XX.XX.XX.XX.XX.XX.XX.XX.XX
..........................
XX.XX.XX.XX.XX.XX.XX.XX.XX

Invalid 46 99
34x16
XX.X.X.X.X.X.X.X.X.X.X.X.X.X.X.X.X
...X.X.X.X.X.X.X.X.X.X.X.X.X.X.X.X
XX................................
................................XX
XX................................
................................XX
XX................................
................................XX
XX................................
................................XX
XX................................
................................XX
XX................................
................................XX
X.X.X.X.X.X.X.X.X.X.X.X.X.X.X.X...
X.X.X.X.X.X.X.X.X.X.X.X.X.X.X.X.XX

Invalid 16 17
14x6
XX.X.X.X.X.X.X
...X.X.X.X.X.X
XX............
............XX
X.X.X.X.X.X...
X.X.X.X.X.X.XX

29x21
X.X.X.X.X.X.X.X.X.X.X.X.X.X.X
X.X.X.X.X.X.X.X.X.X.X.X.X.X.X
.............................
X.X.X.X.X.X.X.X.X.X.X.X.X.X.X
X.X.X.X.X.X.X.X.X.X.X.X.X.X.X
.............................
X.X.X.X.X.X.X.X.X.X.X.X.X.X.X
X.X.X.X.X.X.X.X.X.X.X.X.X.X.X
.............................
X.X.X.X.X.X.X.X.X.X.X.X.X.X.X
X.X.X.X.X.X.X.X.X.X.X.X.X.X.X
.............................
X.X.X.X.X.X.X.X.X.X.X.X.X.X.X
X.X.X.X.X.X.X.X.X.X.X.X.X.X.X
.............................
X.X.X.X.X.X.X.X.X.X.X.X.X.X.X
X.X.X.X.X.X.X.X.X.X.X.X.X.X.X
.............................
XX.XX.XX.XX.XX.XX.XX.XX.XX.XX
.............................
XX.XX.XX.XX.XX.XX.XX.XX.XX.XX

37x19
X.X.X.X.X.X.X.X.X.X.X.X.X.X.X.X.X.X.X
X.X.X.X.X.X.X.X.X.X.X.X.X.X.X.X.X.X.X
.....................................
X.X.X.X.X.X.X.X.X.X.X.X.X.X.X.X.X.X.X
X.X.X.X.X.X.X.X.X.X.X.X.X.X.X.X.X.X.X
.....................................
X.X.X.X.X.X.X.X.X.X.X.X.X.X.X.X.X.X.X
X.X.X.X.X.X.X.X.X.X.X.X.X.X.X.X.X.X.X
.....................................
X.X.X.X.X.X.X.X.X.X.X.X.X.X.X.X.X.X.X
X.X.X.X.X.X.X.X.X.X.X.X.X.X.X.X.X.X.X
.....................................
X.X.X.X.X.X.X.X.X.X.X.X.X.X.X.X.X.X.X
X.X.X.X.X.X.X.X.X.X.X.X.X.X.X.X.X.X.X
.....................................
X.X.X.X.X.X.X.X.X.X.X.X.X.X.X.X.X.X.X
XX.XX.XX.XX.XX.XX.XX.XX.XX.XX.XX.XX..
.....................................
XX.XX.XX.XX.XX.XX.XX.XX.XX.X.........

14x27
XX.XX.XX.XX.XX
..............
XX.XX.XX.XX.XX
..............
XX.XX.XX.XX.XX
..............
XX.XX.XX.XX.XX
..............
XX.XX.XX.XX.XX
..............
XX.XX.XX.XX.XX
..............
XX.XX.XX.XX.XX
..............
XX.XX.XX.XX.XX
..............
XX.XX.XX.XX.XX
..............
XX.XX.XX.XX.XX
..............
XX.XX.XX.XX.XX
..............
XX.XX.XX.XX.XX
..............
XX.XX.XX.XX.XX
..............
XX.XX.XX.XX.XX

6x29
XX.X.X
...X.X
XX....
...X.X
XX.X.X
......
XX.X.X
...X.X
XX....
...X.X
XX.X.X
......
XX.X.X
...X.X
XX....
...X.X
XX.X.X
......
XX.X.X
...X.X
XX....
...X.X
XX.X.X
......
XX.X.X
...X.X
XX....
...X.X
XX.X.X

23x5
X.X.X.X.X.X.X.X.X.X.X.X
X.X.X.X.X.X.X.X.X.X.X.X
.......................
X.X.X.X.X.X.X.X.X.X.X.X
X.X.X.X.X.X.X.X.X.X.X.X

24x15
XX.XX.XX.XX.XX.XX.XX.X.X
.....................X.X
XX.XX.XX.XX.XX.XX.XX....
.....................X.X
XX.XX.XX.XX.XX.XX.XX.X.X
........................
XX.XX.XX.XX.XX.XX.XX.X.X
.....................X.X
XX.XX.XX.XX.XX.XX.XX....
.....................X.X
XX.XX.XX.XX.XX.XX.XX.X.X
........................
XX.XX.XX.XX.XX.XX.XX.X.X
.....................X.X
XX.XX.XX.XX.XX.XX.XX....

12x9
XX.XX.XX.X.X
.........X.X
XX.XX.XX....
.........X.X
XX.XX.XX.X.X
............
XX.XX.XX.X.X
.........X.X
XX.XX.XX....

7x4
X.X.X.X
XX.XX..
.......
XX.XX..

13x20
X.X.X.X.X.X.X
X.X.X.X.X.X.X
.............
X.X.X.X.X.X.X
X.X.X.X.X.X.X
.............
X.X.X.X.X.X.X
X.X.X.X.X.X.X
.............
X.X.X.X.X.X.X
X.X.X.X.X.X.X
.............
X.X.X.X.X.X.X
X.X.X.X.X.X.X
.............
X.X.X.X.X.X.X
X.X.X.X.X.X.X
.............
X.X.X.X.X.X.X
X.X.X.X.X.X.X

Invalid 42 91
18x28
XX.X.X.X.X.X.X.X.X
...X.X.X.X.X.X.X.X
XX................
................XX
XX................
................XX
XX................
................XX
XX................
................XX
XX................
................XX
XX................
................XX
XX................
................XX
XX................
................XX
XX................
................XX
XX................
................XX
XX................
................XX
XX................
................XX
X.X.X.X.X.X.X.X...
X.X.X.X.X.X.X.X.XX

Invalid 28 31
26x6
XX.X.X.X.X.X.X.X.X.X.X.X.X
...X.X.X.X.X.X.X.X.X.X.X.X
XX........................
........................XX
X.X.X.X.X.X.X.X.X.X.X.X...
X.X.X.X.X.X.X.X.X.X.X.X.XX

29x12
X.X.X.X.X.X.X.X.X.X.X.X.X.X.X
X.X.X.X.X.X.X.X.X.X.X.X.X.X.X
.............................
X.X.X.X.X.X.X.X.X.X.X.X.X.X.X
X.X.X.X.X.X.X.X.X.X.X.X.X.X.X
.............................
X.X.X.X.X.X.X.X.X.X.X.X.X.X.X
X.X.X.X.X.X.X.X.X.X.X.X.X.X.X
.............................
XX.XX.XX.XX.XX.XX.XX.XX.XX.XX
.............................
XX.XX.XX.XX.XX.XX.XX.XX.XX.XX

Invalid 24 37
14x14
XX.X.X.X.X.X.X
...X.X.X.X.X.X
XX............
............XX
XX............
............XX
XX............
............XX
XX............
............XX
XX............
............XX
X.X.X.X.X.X...
X.X.X.X.X.X.XX

Invalid 68 227
38x34
XX.X.X.X.X.X.X.X.X.X.X.X.X.X.X.X.X.X.X
...X.X.X.X.X.X.X.X.X.X.X.X.X.X.X.X.X.X
XX....................................
....................................XX
XX....................................
....................................XX
XX....................................
....................................XX
XX....................................
....................................XX
XX....................................
....................................XX
XX....................................
....................................XX
XX....................................
....................................XX
XX....................................
....................................XX
XX....................................
....................................XX
XX....................................
....................................XX
XX....................................
....................................XX
XX....................................
....................................XX
XX....................................
....................................XX
XX....................................
....................................XX
XX....................................
....................................XX
X.X.X.X.X.X.X.X.X.X.X.X.X.X.X.X.X.X...
X.X.X.X.X.X.X.X.X.X.X.X.X.X.X.X.X.X.XX

33x27
X.X.X.X.X.X.X.X.X.X.X.X.X.X.X.X.X
X.X.X.X.X.X.X.X.X.X.X.X.X.X.X.X.X
.................................
X.X.X.X.X.X.X.X.X.X.X.X.X.X.X.X.X
X.X.X.X.X.X.X.X.X.X.X.X.X.X.X.X.X
.................................
X.X.X.X.X.X.X.X.X.X.X.X.X.X.X.X.X
X.X.X.X.X.X.X.X.X.X.X.X.X.X.X.X.X
.................................
X.X.X.X.X.X.X.X.X.X.X.X.X.X.X.X.X
X.X.X.X.X.X.X.X.X.X.X.X.X.X.X.X.X
.................................
X.X.X.X.X.X.X.X.X.X.X.X.X.X.X.X.X
X.X.X.X.X.X.X.X.X.X.X.X.X.X.X.X.X
.................................
X.X.X.X.X.X.X.X.X.X.X.X.X.X.X.X.X
X.X.X.X.X.X.X.X.X.X.X.X.X.X.X.X.X
.................................
X.X.X.X.X.X.X.X.X.X.X.X.X.X.X.X.X
X.X.X.X.X.X.X.X.X.X.X.X.X.X.X.X.X
.................................
X.X.X.X.X.X.X.X.X.X.X.X.X.X.X.X.X
X.X.X.X.X.X.X.X.X.X.X.X.X.X.X.X.X
.................................
XX.XX.XX.XX.XX.XX.XX.XX.XX.XX.XX.
.................................
XX.XX.XX.XX.XX.XX.XX.XX.XX.XX.XX.

5x12
X.X.X
X.X.X
.....
X.X.X
X.X.X
.....
X.X.X
X.X.X
.....
XX.XX
.....
XX.XX

